TN:
SF:src/all-in-one.ts
FN:27,(anonymous_1)
FN:39,(anonymous_2)
FN:90,(anonymous_3)
FN:118,(anonymous_4)
FN:125,(anonymous_5)
FN:134,(anonymous_6)
FN:149,(anonymous_7)
FN:150,(anonymous_8)
FN:160,(anonymous_9)
FN:166,(anonymous_10)
FN:182,(anonymous_11)
FN:183,(anonymous_12)
FN:188,startChatRoom
FN:235,(anonymous_14)
FNF:14
FNH:0
FNDA:0,(anonymous_1)
FNDA:0,(anonymous_2)
FNDA:0,(anonymous_3)
FNDA:0,(anonymous_4)
FNDA:0,(anonymous_5)
FNDA:0,(anonymous_6)
FNDA:0,(anonymous_7)
FNDA:0,(anonymous_8)
FNDA:0,(anonymous_9)
FNDA:0,(anonymous_10)
FNDA:0,(anonymous_11)
FNDA:0,(anonymous_12)
FNDA:0,startChatRoom
FNDA:0,(anonymous_14)
DA:8,0
DA:9,0
DA:10,0
DA:11,0
DA:28,0
DA:36,0
DA:40,0
DA:42,0
DA:44,0
DA:45,0
DA:46,0
DA:49,0
DA:52,0
DA:53,0
DA:56,0
DA:59,0
DA:60,0
DA:61,0
DA:62,0
DA:63,0
DA:65,0
DA:66,0
DA:67,0
DA:68,0
DA:69,0
DA:72,0
DA:73,0
DA:74,0
DA:75,0
DA:76,0
DA:78,0
DA:81,0
DA:84,0
DA:85,0
DA:86,0
DA:91,0
DA:98,0
DA:100,0
DA:101,0
DA:102,0
DA:104,0
DA:107,0
DA:118,0
DA:119,0
DA:120,0
DA:121,0
DA:125,0
DA:126,0
DA:130,0
DA:135,0
DA:138,0
DA:140,0
DA:141,0
DA:142,0
DA:146,0
DA:150,0
DA:151,0
DA:152,0
DA:153,0
DA:156,0
DA:157,0
DA:160,0
DA:161,0
DA:162,0
DA:167,0
DA:169,0
DA:170,0
DA:171,0
DA:175,0
DA:176,0
DA:178,0
DA:183,0
DA:188,0
DA:189,0
DA:190,0
DA:194,0
DA:195,0
DA:198,0
DA:200,0
DA:201,0
DA:204,0
DA:205,0
DA:208,0
DA:209,0
DA:212,0
DA:213,0
DA:215,0
DA:216,0
DA:219,0
DA:220,0
DA:221,0
DA:222,0
DA:223,0
DA:224,0
DA:225,0
DA:226,0
DA:227,0
DA:228,0
DA:229,0
DA:230,0
DA:231,0
DA:235,0
DA:236,0
DA:237,0
LF:104
LH:0
BRDA:27,0,0,0
BRDA:29,1,0,0
BRDA:29,1,1,0
BRDA:30,2,0,0
BRDA:30,2,1,0
BRDA:31,3,0,0
BRDA:31,3,1,0
BRDA:32,4,0,0
BRDA:32,4,1,0
BRDA:33,5,0,0
BRDA:33,5,1,0
BRDA:65,6,0,0
BRDA:65,6,1,0
BRDA:120,7,0,0
BRDA:120,7,1,0
BRDA:120,8,0,0
BRDA:120,8,1,0
BRDA:134,9,0,0
BRDA:140,10,0,0
BRDA:140,10,1,0
BRDA:169,11,0,0
BRDA:169,11,1,0
BRDA:194,12,0,0
BRDA:194,12,1,0
BRDA:201,13,0,0
BRDA:201,13,1,0
BRDA:201,13,2,0
BRDA:201,13,3,0
BRDA:201,13,4,0
BRDA:201,13,5,0
BRDA:201,13,6,0
BRDA:201,13,7,0
BRDA:201,13,8,0
BRF:33
BRH:0
end_of_record
TN:
SF:src/index.ts
FN:8,main
FN:23,(anonymous_2)
FN:29,(anonymous_3)
FNF:3
FNH:0
FNDA:0,main
FNDA:0,(anonymous_2)
FNDA:0,(anonymous_3)
DA:3,0
DA:4,0
DA:6,0
DA:9,0
DA:10,0
DA:12,0
DA:14,0
DA:15,0
DA:16,0
DA:17,0
DA:18,0
DA:19,0
DA:20,0
DA:23,0
DA:24,0
DA:25,0
DA:26,0
DA:29,0
DA:30,0
DA:31,0
DA:35,0
DA:36,0
DA:40,0
LF:23
LH:0
BRDA:6,0,0,0
BRDA:6,0,1,0
BRF:2
BRH:0
end_of_record
TN:
SF:src/agents/automated-client.ts
FN:18,(anonymous_1)
FN:22,(anonymous_2)
FN:25,(anonymous_3)
FN:28,(anonymous_4)
FN:47,(anonymous_5)
FN:56,(anonymous_6)
FN:61,(anonymous_7)
FN:68,(anonymous_8)
FN:70,(anonymous_9)
FN:77,(anonymous_10)
FN:105,(anonymous_11)
FN:109,(anonymous_12)
FN:117,(anonymous_13)
FN:125,(anonymous_14)
FN:136,(anonymous_15)
FNF:15
FNH:0
FNDA:0,(anonymous_1)
FNDA:0,(anonymous_2)
FNDA:0,(anonymous_3)
FNDA:0,(anonymous_4)
FNDA:0,(anonymous_5)
FNDA:0,(anonymous_6)
FNDA:0,(anonymous_7)
FNDA:0,(anonymous_8)
FNDA:0,(anonymous_9)
FNDA:0,(anonymous_10)
FNDA:0,(anonymous_11)
FNDA:0,(anonymous_12)
FNDA:0,(anonymous_13)
FNDA:0,(anonymous_14)
FNDA:0,(anonymous_15)
DA:1,0
DA:2,0
DA:3,0
DA:12,0
DA:15,0
DA:16,0
DA:19,0
DA:23,0
DA:25,0
DA:26,0
DA:28,0
DA:29,0
DA:30,0
DA:33,0
DA:43,0
DA:44,0
DA:47,0
DA:48,0
DA:49,0
DA:50,0
DA:52,0
DA:56,0
DA:57,0
DA:58,0
DA:61,0
DA:62,0
DA:63,0
DA:70,0
DA:73,0
DA:75,0
DA:76,0
DA:77,0
DA:78,0
DA:79,0
DA:81,0
DA:84,0
DA:85,0
DA:86,0
DA:87,0
DA:89,0
DA:92,0
DA:93,0
DA:96,0
DA:97,0
DA:100,0
DA:101,0
DA:106,0
DA:110,0
DA:111,0
DA:113,0
DA:118,0
DA:126,0
DA:127,0
DA:132,0
DA:137,0
LF:55
LH:0
BRDA:73,0,0,0
BRDA:73,0,1,0
BRDA:73,0,2,0
BRDA:73,0,3,0
BRDA:73,0,4,0
BRDA:78,1,0,0
BRDA:78,1,1,0
BRDA:85,2,0,0
BRDA:85,2,1,0
BRDA:85,3,0,0
BRDA:85,3,1,0
BRDA:86,4,0,0
BRDA:86,4,1,0
BRDA:110,5,0,0
BRDA:110,5,1,0
BRDA:110,6,0,0
BRDA:110,6,1,0
BRDA:126,7,0,0
BRDA:126,7,1,0
BRF:19
BRH:0
end_of_record
TN:
SF:src/agents/calculator.ts
FN:22,(anonymous_0)
FN:26,(anonymous_1)
FN:50,(anonymous_2)
FN:55,(anonymous_3)
FN:59,(anonymous_4)
FN:101,(anonymous_5)
FN:111,(anonymous_6)
FN:115,(anonymous_7)
FN:121,createCalculator
FNF:9
FNH:0
FNDA:0,(anonymous_0)
FNDA:0,(anonymous_1)
FNDA:0,(anonymous_2)
FNDA:0,(anonymous_3)
FNDA:0,(anonymous_4)
FNDA:0,(anonymous_5)
FNDA:0,(anonymous_6)
FNDA:0,(anonymous_7)
FNDA:0,createCalculator
DA:6,0
DA:8,0
DA:9,0
DA:23,0
DA:31,0
DA:47,0
DA:51,0
DA:52,0
DA:56,0
DA:60,0
DA:63,0
DA:65,0
DA:66,0
DA:69,0
DA:70,0
DA:71,0
DA:75,0
DA:77,0
DA:78,0
DA:80,0
DA:81,0
DA:83,0
DA:84,0
DA:86,0
DA:87,0
DA:89,0
DA:90,0
DA:92,0
DA:96,0
DA:98,0
DA:102,0
DA:105,0
DA:112,0
DA:116,0
DA:121,0
DA:126,0
LF:36
LH:0
BRDA:29,0,0,0
BRDA:65,1,0,0
BRDA:65,1,1,0
BRDA:75,2,0,0
BRDA:75,2,1,0
BRDA:75,2,2,0
BRDA:75,2,3,0
BRDA:75,2,4,0
BRDA:86,3,0,0
BRDA:86,3,1,0
BRDA:96,4,0,0
BRDA:96,4,1,0
BRDA:105,5,0,0
BRDA:105,5,1,0
BRDA:105,5,2,0
BRF:15
BRH:0
end_of_record
TN:
SF:src/agents/claude-coordinator.ts
FN:22,(anonymous_1)
FN:49,(anonymous_2)
FN:51,(anonymous_3)
FN:56,(anonymous_4)
FN:84,(anonymous_5)
FN:89,(anonymous_6)
FN:95,(anonymous_7)
FN:136,(anonymous_8)
FN:142,(anonymous_9)
FN:159,(anonymous_10)
FN:161,(anonymous_11)
FN:169,(anonymous_12)
FN:234,(anonymous_13)
FN:255,(anonymous_14)
FN:262,(anonymous_15)
FN:267,(anonymous_16)
FN:280,(anonymous_17)
FN:285,(anonymous_18)
FN:288,(anonymous_19)
FN:290,(anonymous_20)
FN:301,(anonymous_21)
FN:338,(anonymous_22)
FNF:22
FNH:0
FNDA:0,(anonymous_1)
FNDA:0,(anonymous_2)
FNDA:0,(anonymous_3)
FNDA:0,(anonymous_4)
FNDA:0,(anonymous_5)
FNDA:0,(anonymous_6)
FNDA:0,(anonymous_7)
FNDA:0,(anonymous_8)
FNDA:0,(anonymous_9)
FNDA:0,(anonymous_10)
FNDA:0,(anonymous_11)
FNDA:0,(anonymous_12)
FNDA:0,(anonymous_13)
FNDA:0,(anonymous_14)
FNDA:0,(anonymous_15)
FNDA:0,(anonymous_16)
FNDA:0,(anonymous_17)
FNDA:0,(anonymous_18)
FNDA:0,(anonymous_19)
FNDA:0,(anonymous_20)
FNDA:0,(anonymous_21)
FNDA:0,(anonymous_22)
DA:1,0
DA:2,0
DA:3,0
DA:4,0
DA:5,0
DA:15,0
DA:19,0
DA:20,0
DA:23,0
DA:26,0
DA:28,0
DA:29,0
DA:32,0
DA:34,0
DA:35,0
DA:38,0
DA:46,0
DA:51,0
DA:52,0
DA:58,0
DA:59,0
DA:62,0
DA:63,0
DA:64,0
DA:68,0
DA:69,0
DA:72,0
DA:78,0
DA:85,0
DA:87,0
DA:89,0
DA:90,0
DA:97,0
DA:98,0
DA:101,0
DA:103,0
DA:105,0
DA:116,0
DA:126,0
DA:131,0
DA:132,0
DA:137,0
DA:140,0
DA:142,0
DA:143,0
DA:144,0
DA:148,0
DA:149,0
DA:156,0
DA:160,0
DA:161,0
DA:162,0
DA:163,0
DA:166,0
DA:170,0
DA:173,0
DA:174,0
DA:175,0
DA:176,0
DA:177,0
DA:180,0
DA:181,0
DA:182,0
DA:183,0
DA:184,0
DA:185,0
DA:188,0
DA:189,0
DA:194,0
DA:195,0
DA:198,0
DA:199,0
DA:202,0
DA:203,0
DA:208,0
DA:209,0
DA:213,0
DA:214,0
DA:217,0
DA:218,0
DA:221,0
DA:222,0
DA:226,0
DA:227,0
DA:231,0
DA:235,0
DA:237,0
DA:239,0
DA:242,0
DA:245,0
DA:248,0
DA:256,0
DA:257,0
DA:260,0
DA:261,0
DA:262,0
DA:266,0
DA:267,0
DA:268,0
DA:269,0
DA:270,0
DA:273,0
DA:282,0
DA:286,0
DA:287,0
DA:288,0
DA:289,0
DA:290,0
DA:293,0
DA:302,0
DA:303,0
DA:304,0
DA:305,0
DA:307,0
DA:308,0
DA:309,0
DA:311,0
DA:313,0
DA:318,0
DA:319,0
DA:321,0
DA:322,0
DA:323,0
DA:324,0
DA:325,0
DA:326,0
DA:329,0
DA:337,0
DA:338,0
DA:339,0
DA:340,0
LF:131
LH:0
BRDA:26,0,0,0
BRDA:26,0,1,0
BRDA:28,1,0,0
BRDA:28,1,1,0
BRDA:58,2,0,0
BRDA:58,2,1,0
BRDA:58,3,0,0
BRDA:58,3,1,0
BRDA:63,4,0,0
BRDA:63,4,1,0
BRDA:68,5,0,0
BRDA:68,5,1,0
BRDA:72,6,0,0
BRDA:72,6,1,0
BRDA:72,7,0,0
BRDA:72,7,1,0
BRDA:72,7,2,0
BRDA:72,7,3,0
BRDA:72,7,4,0
BRDA:87,8,0,0
BRDA:87,8,1,0
BRDA:97,9,0,0
BRDA:97,9,1,0
BRDA:117,10,0,0
BRDA:117,10,1,0
BRDA:126,11,0,0
BRDA:126,11,1,0
BRDA:143,12,0,0
BRDA:143,12,1,0
BRDA:148,13,0,0
BRDA:148,13,1,0
BRDA:148,14,0,0
BRDA:148,14,1,0
BRDA:162,15,0,0
BRDA:162,15,1,0
BRDA:162,16,0,0
BRDA:162,16,1,0
BRDA:174,17,0,0
BRDA:174,17,1,0
BRDA:180,18,0,0
BRDA:180,18,1,0
BRDA:180,18,2,0
BRDA:180,18,3,0
BRDA:180,18,4,0
BRDA:184,19,0,0
BRDA:184,19,1,0
BRDA:188,20,0,0
BRDA:188,20,1,0
BRDA:194,21,0,0
BRDA:194,21,1,0
BRDA:198,22,0,0
BRDA:198,22,1,0
BRDA:202,23,0,0
BRDA:202,23,1,0
BRDA:208,24,0,0
BRDA:208,24,1,0
BRDA:213,25,0,0
BRDA:213,25,1,0
BRDA:213,26,0,0
BRDA:213,26,1,0
BRDA:213,26,2,0
BRDA:217,27,0,0
BRDA:217,27,1,0
BRDA:217,28,0,0
BRDA:217,28,1,0
BRDA:217,28,2,0
BRDA:221,29,0,0
BRDA:221,29,1,0
BRDA:221,30,0,0
BRDA:221,30,1,0
BRDA:226,31,0,0
BRDA:226,31,1,0
BRDA:226,32,0,0
BRDA:226,32,1,0
BRDA:237,33,0,0
BRDA:237,33,1,0
BRDA:237,33,2,0
BRDA:237,33,3,0
BRDA:256,34,0,0
BRDA:256,34,1,0
BRDA:268,35,0,0
BRDA:268,35,1,0
BRDA:269,36,0,0
BRDA:269,36,1,0
BRDA:270,37,0,0
BRDA:270,37,1,0
BRDA:276,38,0,0
BRDA:276,38,1,0
BRDA:277,39,0,0
BRDA:277,39,1,0
BRDA:298,40,0,0
BRDA:298,40,1,0
BRDA:304,41,0,0
BRDA:304,41,1,0
BRDA:307,42,0,0
BRDA:307,42,1,0
BRDA:318,43,0,0
BRDA:318,43,1,0
BRDA:321,44,0,0
BRDA:321,44,1,0
BRDA:330,45,0,0
BRDA:330,45,1,0
BRDA:332,46,0,0
BRDA:332,46,1,0
BRF:104
BRH:0
end_of_record
TN:
SF:src/auth/local-auth-manager.ts
FN:22,(anonymous_10)
FN:35,(anonymous_11)
FN:42,(anonymous_12)
FN:52,(anonymous_13)
FN:67,(anonymous_14)
FN:98,(anonymous_15)
FN:160,(anonymous_16)
FN:183,(anonymous_17)
FN:210,(anonymous_18)
FN:217,(anonymous_19)
FN:224,(anonymous_20)
FN:239,(anonymous_21)
FN:246,(anonymous_22)
FN:260,(anonymous_23)
FN:284,(anonymous_24)
FN:288,(anonymous_25)
FN:303,(anonymous_26)
FN:307,(anonymous_27)
FN:328,(anonymous_28)
FN:332,(anonymous_29)
FNF:20
FNH:0
FNDA:0,(anonymous_10)
FNDA:0,(anonymous_11)
FNDA:0,(anonymous_12)
FNDA:0,(anonymous_13)
FNDA:0,(anonymous_14)
FNDA:0,(anonymous_15)
FNDA:0,(anonymous_16)
FNDA:0,(anonymous_17)
FNDA:0,(anonymous_18)
FNDA:0,(anonymous_19)
FNDA:0,(anonymous_20)
FNDA:0,(anonymous_21)
FNDA:0,(anonymous_22)
FNDA:0,(anonymous_23)
FNDA:0,(anonymous_24)
FNDA:0,(anonymous_25)
FNDA:0,(anonymous_26)
FNDA:0,(anonymous_27)
FNDA:0,(anonymous_28)
FNDA:0,(anonymous_29)
DA:6,0
DA:7,0
DA:8,0
DA:9,0
DA:10,0
DA:11,0
DA:22,0
DA:23,0
DA:24,0
DA:25,0
DA:26,0
DA:29,0
DA:33,0
DA:37,0
DA:38,0
DA:39,0
DA:43,0
DA:44,0
DA:46,0
DA:53,0
DA:54,0
DA:55,0
DA:56,0
DA:57,0
DA:60,0
DA:68,0
DA:70,0
DA:71,0
DA:75,0
DA:82,0
DA:88,0
DA:90,0
DA:107,0
DA:108,0
DA:109,0
DA:116,0
DA:117,0
DA:118,0
DA:119,0
DA:126,0
DA:127,0
DA:128,0
DA:129,0
DA:136,0
DA:137,0
DA:138,0
DA:145,0
DA:146,0
DA:147,0
DA:148,0
DA:154,0
DA:162,0
DA:163,0
DA:166,0
DA:167,0
DA:168,0
DA:171,0
DA:172,0
DA:173,0
DA:174,0
DA:177,0
DA:184,0
DA:186,0
DA:192,0
DA:193,0
DA:194,0
DA:195,0
DA:196,0
DA:204,0
DA:211,0
DA:218,0
DA:225,0
DA:226,0
DA:227,0
DA:228,0
DA:229,0
DA:232,0
DA:240,0
DA:247,0
DA:252,0
DA:253,0
DA:254,0
DA:255,0
DA:256,0
DA:257,0
DA:258,0
DA:260,0
DA:261,0
DA:264,0
DA:266,0
DA:267,0
DA:269,0
DA:270,0
DA:272,0
DA:273,0
DA:275,0
DA:278,0
DA:285,0
DA:286,0
DA:288,0
DA:289,0
DA:292,0
DA:293,0
DA:294,0
DA:296,0
DA:304,0
DA:305,0
DA:307,0
DA:308,0
DA:311,0
DA:312,0
DA:313,0
DA:314,0
DA:315,0
DA:317,0
DA:318,0
DA:321,0
DA:329,0
DA:330,0
DA:332,0
DA:333,0
DA:336,0
DA:337,0
DA:338,0
DA:340,0
DA:341,0
DA:344,0
DA:350,0
LF:128
LH:0
BRDA:22,0,0,0
BRDA:22,0,1,0
BRDA:43,1,0,0
BRDA:43,1,1,0
BRDA:54,2,0,0
BRDA:54,2,1,0
BRDA:70,3,0,0
BRDA:70,3,1,0
BRDA:107,4,0,0
BRDA:107,4,1,0
BRDA:117,5,0,0
BRDA:117,5,1,0
BRDA:127,6,0,0
BRDA:127,6,1,0
BRDA:136,7,0,0
BRDA:136,7,1,0
BRDA:146,8,0,0
BRDA:146,8,1,0
BRDA:162,9,0,0
BRDA:162,9,1,0
BRDA:166,10,0,0
BRDA:166,10,1,0
BRDA:172,11,0,0
BRDA:172,11,1,0
BRDA:193,12,0,0
BRDA:193,12,1,0
BRDA:195,13,0,0
BRDA:195,13,1,0
BRDA:195,14,0,0
BRDA:195,14,1,0
BRDA:196,15,0,0
BRDA:196,15,1,0
BRDA:226,16,0,0
BRDA:226,16,1,0
BRDA:264,17,0,0
BRDA:264,17,1,0
BRDA:264,17,2,0
BRDA:264,17,3,0
BRDA:292,18,0,0
BRDA:292,18,1,0
BRDA:311,19,0,0
BRDA:311,19,1,0
BRDA:311,20,0,0
BRDA:311,20,1,0
BRDA:336,21,0,0
BRDA:336,21,1,0
BRDA:336,22,0,0
BRDA:336,22,1,0
BRF:48
BRH:0
end_of_record
TN:
SF:src/auth/oauth-auth-manager.ts
FN:46,(anonymous_10)
FN:52,(anonymous_11)
FN:62,(anonymous_12)
FN:77,(anonymous_13)
FN:104,(anonymous_14)
FN:120,(anonymous_15)
FN:135,(anonymous_16)
FN:136,(anonymous_17)
FN:140,(anonymous_18)
FN:183,(anonymous_19)
FN:196,(anonymous_20)
FN:206,(anonymous_21)
FN:211,(anonymous_22)
FN:230,(anonymous_23)
FN:263,(anonymous_24)
FN:273,(anonymous_25)
FN:293,(anonymous_26)
FN:314,(anonymous_27)
FN:321,(anonymous_28)
FN:336,(anonymous_29)
FNF:20
FNH:0
FNDA:0,(anonymous_10)
FNDA:0,(anonymous_11)
FNDA:0,(anonymous_12)
FNDA:0,(anonymous_13)
FNDA:0,(anonymous_14)
FNDA:0,(anonymous_15)
FNDA:0,(anonymous_16)
FNDA:0,(anonymous_17)
FNDA:0,(anonymous_18)
FNDA:0,(anonymous_19)
FNDA:0,(anonymous_20)
FNDA:0,(anonymous_21)
FNDA:0,(anonymous_22)
FNDA:0,(anonymous_23)
FNDA:0,(anonymous_24)
FNDA:0,(anonymous_25)
FNDA:0,(anonymous_26)
FNDA:0,(anonymous_27)
FNDA:0,(anonymous_28)
FNDA:0,(anonymous_29)
DA:6,0
DA:7,0
DA:8,0
DA:9,0
DA:10,0
DA:11,0
DA:31,0
DA:35,0
DA:38,0
DA:47,0
DA:48,0
DA:49,0
DA:53,0
DA:54,0
DA:56,0
DA:63,0
DA:64,0
DA:65,0
DA:66,0
DA:67,0
DA:70,0
DA:78,0
DA:79,0
DA:80,0
DA:84,0
DA:85,0
DA:88,0
DA:89,0
DA:95,0
DA:97,0
DA:105,0
DA:106,0
DA:109,0
DA:110,0
DA:111,0
DA:114,0
DA:121,0
DA:129,0
DA:136,0
DA:137,0
DA:140,0
DA:141,0
DA:143,0
DA:144,0
DA:146,0
DA:147,0
DA:148,0
DA:149,0
DA:150,0
DA:151,0
DA:154,0
DA:155,0
DA:157,0
DA:159,0
DA:160,0
DA:166,0
DA:167,0
DA:168,0
DA:170,0
DA:171,0
DA:172,0
DA:173,0
DA:177,0
DA:178,0
DA:183,0
DA:184,0
DA:186,0
DA:187,0
DA:188,0
DA:189,0
DA:192,0
DA:196,0
DA:197,0
DA:198,0
DA:208,0
DA:211,0
DA:215,0
DA:223,0
DA:224,0
DA:231,0
DA:234,0
DA:238,0
DA:240,0
DA:241,0
DA:242,0
DA:244,0
DA:245,0
DA:246,0
DA:248,0
DA:249,0
DA:252,0
DA:253,0
DA:255,0
DA:256,0
DA:264,0
DA:265,0
DA:266,0
DA:269,0
DA:270,0
DA:273,0
DA:275,0
DA:281,0
DA:282,0
DA:283,0
DA:285,0
DA:286,0
DA:295,0
DA:296,0
DA:300,0
DA:301,0
DA:302,0
DA:303,0
DA:308,0
DA:315,0
DA:322,0
DA:323,0
DA:324,0
DA:325,0
DA:326,0
DA:329,0
DA:337,0
DA:338,0
DA:341,0
DA:350,0
LF:124
LH:0
BRDA:53,0,0,0
BRDA:53,0,1,0
BRDA:64,1,0,0
BRDA:64,1,1,0
BRDA:79,2,0,0
BRDA:79,2,1,0
BRDA:84,3,0,0
BRDA:84,3,1,0
BRDA:84,4,0,0
BRDA:84,4,1,0
BRDA:105,5,0,0
BRDA:105,5,1,0
BRDA:105,6,0,0
BRDA:105,6,1,0
BRDA:109,7,0,0
BRDA:109,7,1,0
BRDA:109,8,0,0
BRDA:109,8,1,0
BRDA:143,9,0,0
BRDA:143,9,1,0
BRDA:146,10,0,0
BRDA:146,10,1,0
BRDA:154,11,0,0
BRDA:154,11,1,0
BRDA:238,12,0,0
BRDA:238,12,1,0
BRDA:238,12,2,0
BRDA:264,13,0,0
BRDA:264,13,1,0
BRDA:295,14,0,0
BRDA:295,14,1,0
BRDA:300,15,0,0
BRDA:300,15,1,0
BRDA:302,16,0,0
BRDA:302,16,1,0
BRDA:323,17,0,0
BRDA:323,17,1,0
BRDA:337,18,0,0
BRDA:337,18,1,0
BRF:39
BRH:0
end_of_record
TN:
SF:src/auth/session-auth-manager.ts
FN:31,(anonymous_10)
FN:37,(anonymous_11)
FN:47,(anonymous_12)
FN:62,(anonymous_13)
FN:88,(anonymous_14)
FN:99,(anonymous_15)
FN:114,(anonymous_16)
FN:118,(anonymous_17)
FN:134,(anonymous_18)
FN:140,(anonymous_19)
FN:151,(anonymous_20)
FN:160,(anonymous_21)
FN:179,(anonymous_22)
FN:195,(anonymous_23)
FN:218,(anonymous_24)
FN:226,(anonymous_25)
FN:230,(anonymous_26)
FN:251,(anonymous_27)
FN:260,(anonymous_28)
FN:276,(anonymous_29)
FN:283,(anonymous_30)
FN:308,(anonymous_31)
FN:315,(anonymous_32)
FN:330,(anonymous_33)
FN:350,(anonymous_34)
FNF:25
FNH:0
FNDA:0,(anonymous_10)
FNDA:0,(anonymous_11)
FNDA:0,(anonymous_12)
FNDA:0,(anonymous_13)
FNDA:0,(anonymous_14)
FNDA:0,(anonymous_15)
FNDA:0,(anonymous_16)
FNDA:0,(anonymous_17)
FNDA:0,(anonymous_18)
FNDA:0,(anonymous_19)
FNDA:0,(anonymous_20)
FNDA:0,(anonymous_21)
FNDA:0,(anonymous_22)
FNDA:0,(anonymous_23)
FNDA:0,(anonymous_24)
FNDA:0,(anonymous_25)
FNDA:0,(anonymous_26)
FNDA:0,(anonymous_27)
FNDA:0,(anonymous_28)
FNDA:0,(anonymous_29)
FNDA:0,(anonymous_30)
FNDA:0,(anonymous_31)
FNDA:0,(anonymous_32)
FNDA:0,(anonymous_33)
FNDA:0,(anonymous_34)
DA:6,0
DA:7,0
DA:8,0
DA:9,0
DA:25,0
DA:29,0
DA:32,0
DA:33,0
DA:34,0
DA:38,0
DA:39,0
DA:41,0
DA:48,0
DA:49,0
DA:50,0
DA:51,0
DA:52,0
DA:55,0
DA:63,0
DA:64,0
DA:65,0
DA:68,0
DA:73,0
DA:79,0
DA:81,0
DA:89,0
DA:90,0
DA:93,0
DA:99,0
DA:100,0
DA:108,0
DA:114,0
DA:115,0
DA:116,0
DA:117,0
DA:118,0
DA:119,0
DA:120,0
DA:121,0
DA:134,0
DA:141,0
DA:143,0
DA:145,0
DA:146,0
DA:147,0
DA:150,0
DA:151,0
DA:159,0
DA:160,0
DA:163,0
DA:171,0
DA:172,0
DA:173,0
DA:180,0
DA:182,0
DA:183,0
DA:184,0
DA:186,0
DA:187,0
DA:188,0
DA:190,0
DA:195,0
DA:196,0
DA:199,0
DA:200,0
DA:201,0
DA:202,0
DA:204,0
DA:206,0
DA:207,0
DA:209,0
DA:212,0
DA:219,0
DA:220,0
DA:221,0
DA:222,0
DA:223,0
DA:224,0
DA:226,0
DA:227,0
DA:230,0
DA:231,0
DA:234,0
DA:235,0
DA:241,0
DA:242,0
DA:244,0
DA:252,0
DA:253,0
DA:256,0
DA:257,0
DA:260,0
DA:265,0
DA:266,0
DA:268,0
DA:269,0
DA:277,0
DA:284,0
DA:285,0
DA:288,0
DA:290,0
DA:291,0
DA:294,0
DA:295,0
DA:298,0
DA:299,0
DA:302,0
DA:309,0
DA:316,0
DA:317,0
DA:318,0
DA:319,0
DA:320,0
DA:323,0
DA:331,0
DA:332,0
DA:339,0
DA:351,0
DA:353,0
DA:354,0
DA:355,0
DA:356,0
DA:358,0
DA:359,0
DA:365,0
LF:125
LH:0
BRDA:38,0,0,0
BRDA:38,0,1,0
BRDA:49,1,0,0
BRDA:49,1,1,0
BRDA:64,2,0,0
BRDA:64,2,1,0
BRDA:115,3,0,0
BRDA:115,3,1,0
BRDA:120,4,0,0
BRDA:120,4,1,0
BRDA:145,5,0,0
BRDA:145,5,1,0
BRDA:199,6,0,0
BRDA:199,6,1,0
BRDA:201,7,0,0
BRDA:201,7,1,0
BRDA:206,8,0,0
BRDA:206,8,1,0
BRDA:234,9,0,0
BRDA:234,9,1,0
BRDA:234,10,0,0
BRDA:234,10,1,0
BRDA:236,11,0,0
BRDA:236,11,1,0
BRDA:237,12,0,0
BRDA:237,12,1,0
BRDA:252,13,0,0
BRDA:252,13,1,0
BRDA:284,14,0,0
BRDA:284,14,1,0
BRDA:290,15,0,0
BRDA:290,15,1,0
BRDA:294,16,0,0
BRDA:294,16,1,0
BRDA:298,17,0,0
BRDA:298,17,1,0
BRDA:302,18,0,0
BRDA:302,18,1,0
BRDA:309,19,0,0
BRDA:309,19,1,0
BRDA:309,19,2,0
BRDA:317,20,0,0
BRDA:317,20,1,0
BRDA:331,21,0,0
BRDA:331,21,1,0
BRDA:354,22,0,0
BRDA:354,22,1,0
BRF:47
BRH:0
end_of_record
TN:
SF:src/calculator/calculator.ts
FN:6,(anonymous_0)
FN:13,(anonymous_1)
FN:25,(anonymous_2)
FN:35,(anonymous_3)
FN:45,(anonymous_4)
FN:59,(anonymous_5)
FN:66,(anonymous_6)
FN:73,(anonymous_7)
FN:81,(anonymous_8)
FNF:9
FNH:7
FNDA:7,(anonymous_0)
FNDA:2,(anonymous_1)
FNDA:1,(anonymous_2)
FNDA:1,(anonymous_3)
FNDA:2,(anonymous_4)
FNDA:2,(anonymous_5)
FNDA:0,(anonymous_6)
FNDA:0,(anonymous_7)
FNDA:4,(anonymous_8)
DA:6,1
DA:7,7
DA:8,7
DA:16,2
DA:17,2
DA:18,2
DA:19,2
DA:26,1
DA:27,1
DA:28,1
DA:29,1
DA:36,1
DA:37,1
DA:38,1
DA:39,1
DA:50,2
DA:51,2
DA:52,2
DA:53,2
DA:60,2
DA:67,0
DA:74,0
DA:75,0
DA:83,4
DA:85,4
DA:86,3
DA:89,1
DA:90,1
DA:91,1
DA:93,1
DA:95,1
DA:97,0
DA:99,0
DA:101,0
DA:103,0
LF:35
LH:28
BRDA:85,0,0,3
BRDA:85,0,1,1
BRDA:93,1,0,1
BRDA:93,1,1,0
BRDA:93,1,2,0
BRDA:93,1,3,0
BRDA:93,1,4,0
BRF:7
BRH:3
end_of_record
TN:
SF:src/cli/claude-auth.ts
FN:16,main
FN:63,showStatus
FN:130,getAuthMethodDescription
FN:145,testAuth
FN:178,handleOAuth
FN:226,handleSession
FN:300,showAllMethods
FN:333,showHelp
FN:360,(anonymous_9)
FNF:9
FNH:0
FNDA:0,main
FNDA:0,showStatus
FNDA:0,getAuthMethodDescription
FNDA:0,testAuth
FNDA:0,handleOAuth
FNDA:0,handleSession
FNDA:0,showAllMethods
FNDA:0,showHelp
FNDA:0,(anonymous_9)
DA:8,0
DA:9,0
DA:10,0
DA:11,0
DA:13,0
DA:14,0
DA:17,0
DA:19,0
DA:21,0
DA:22,0
DA:25,0
DA:26,0
DA:29,0
DA:30,0
DA:31,0
DA:33,0
DA:34,0
DA:36,0
DA:39,0
DA:40,0
DA:43,0
DA:44,0
DA:47,0
DA:48,0
DA:51,0
DA:52,0
DA:55,0
DA:56,0
DA:59,0
DA:64,0
DA:67,0
DA:68,0
DA:69,0
DA:71,0
DA:72,0
DA:73,0
DA:74,0
DA:75,0
DA:77,0
DA:78,0
DA:82,0
DA:83,0
DA:86,0
DA:87,0
DA:88,0
DA:89,0
DA:92,0
DA:93,0
DA:94,0
DA:95,0
DA:96,0
DA:98,0
DA:99,0
DA:101,0
DA:104,0
DA:105,0
DA:106,0
DA:107,0
DA:109,0
DA:110,0
DA:112,0
DA:115,0
DA:116,0
DA:117,0
DA:118,0
DA:119,0
DA:121,0
DA:123,0
DA:124,0
DA:125,0
DA:126,0
DA:131,0
DA:133,0
DA:135,0
DA:137,0
DA:139,0
DA:141,0
DA:146,0
DA:148,0
DA:149,0
DA:150,0
DA:153,0
DA:155,0
DA:156,0
DA:157,0
DA:159,0
DA:168,0
DA:169,0
DA:170,0
DA:173,0
DA:174,0
DA:179,0
DA:181,0
DA:182,0
DA:183,0
DA:184,0
DA:186,0
DA:188,0
DA:191,0
DA:192,0
DA:193,0
DA:196,0
DA:197,0
DA:198,0
DA:199,0
DA:201,0
DA:204,0
DA:206,0
DA:209,0
DA:210,0
DA:211,0
DA:212,0
DA:213,0
DA:215,0
DA:218,0
DA:219,0
DA:220,0
DA:221,0
DA:222,0
DA:227,0
DA:229,0
DA:230,0
DA:231,0
DA:232,0
DA:233,0
DA:235,0
DA:238,0
DA:240,0
DA:243,0
DA:244,0
DA:246,0
DA:248,0
DA:251,0
DA:252,0
DA:253,0
DA:256,0
DA:257,0
DA:258,0
DA:259,0
DA:261,0
DA:263,0
DA:266,0
DA:267,0
DA:268,0
DA:269,0
DA:271,0
DA:274,0
DA:276,0
DA:279,0
DA:280,0
DA:281,0
DA:282,0
DA:283,0
DA:285,0
DA:286,0
DA:287,0
DA:290,0
DA:291,0
DA:292,0
DA:293,0
DA:294,0
DA:295,0
DA:296,0
DA:301,0
DA:303,0
DA:304,0
DA:305,0
DA:306,0
DA:307,0
DA:309,0
DA:310,0
DA:311,0
DA:312,0
DA:313,0
DA:315,0
DA:316,0
DA:317,0
DA:318,0
DA:319,0
DA:321,0
DA:322,0
DA:323,0
DA:324,0
DA:325,0
DA:327,0
DA:328,0
DA:329,0
DA:330,0
DA:334,0
DA:335,0
DA:336,0
DA:337,0
DA:338,0
DA:339,0
DA:340,0
DA:341,0
DA:342,0
DA:343,0
DA:344,0
DA:345,0
DA:346,0
DA:347,0
DA:348,0
DA:349,0
DA:350,0
DA:351,0
DA:352,0
DA:353,0
DA:354,0
DA:355,0
DA:356,0
DA:360,0
DA:361,0
DA:362,0
LF:214
LH:0
BRDA:19,0,0,0
BRDA:19,0,1,0
BRDA:19,0,2,0
BRDA:19,0,3,0
BRDA:19,0,4,0
BRDA:19,0,5,0
BRDA:19,0,6,0
BRDA:19,0,7,0
BRDA:19,0,8,0
BRDA:29,1,0,0
BRDA:29,1,1,0
BRDA:71,2,0,0
BRDA:71,2,1,0
BRDA:88,3,0,0
BRDA:88,3,1,0
BRDA:93,4,0,0
BRDA:93,4,1,0
BRDA:94,5,0,0
BRDA:94,5,1,0
BRDA:98,6,0,0
BRDA:98,6,1,0
BRDA:105,7,0,0
BRDA:105,7,1,0
BRDA:106,8,0,0
BRDA:106,8,1,0
BRDA:109,9,0,0
BRDA:109,9,1,0
BRDA:109,10,0,0
BRDA:109,10,1,0
BRDA:110,11,0,0
BRDA:110,11,1,0
BRDA:110,12,0,0
BRDA:110,12,1,0
BRDA:117,13,0,0
BRDA:117,13,1,0
BRDA:118,14,0,0
BRDA:118,14,1,0
BRDA:123,15,0,0
BRDA:123,15,1,0
BRDA:131,16,0,0
BRDA:131,16,1,0
BRDA:131,16,2,0
BRDA:131,16,3,0
BRDA:131,16,4,0
BRDA:148,17,0,0
BRDA:148,17,1,0
BRDA:168,18,0,0
BRDA:168,18,1,0
BRDA:179,19,0,0
BRDA:179,19,1,0
BRDA:179,19,2,0
BRDA:179,19,3,0
BRDA:179,19,4,0
BRDA:198,20,0,0
BRDA:198,20,1,0
BRDA:211,21,0,0
BRDA:211,21,1,0
BRDA:212,22,0,0
BRDA:212,22,1,0
BRDA:227,23,0,0
BRDA:227,23,1,0
BRDA:227,23,2,0
BRDA:227,23,3,0
BRDA:227,23,4,0
BRDA:227,23,5,0
BRDA:227,23,6,0
BRDA:232,24,0,0
BRDA:232,24,1,0
BRDA:259,25,0,0
BRDA:259,25,1,0
BRDA:268,26,0,0
BRDA:268,26,1,0
BRDA:281,27,0,0
BRDA:281,27,1,0
BRDA:282,28,0,0
BRDA:282,28,1,0
BRDA:285,29,0,0
BRDA:285,29,1,0
BRDA:286,30,0,0
BRDA:286,30,1,0
BRF:80
BRH:0
end_of_record
TN:
SF:src/client/chat-client.ts
FN:21,(anonymous_1)
FN:32,(anonymous_2)
FN:33,(anonymous_3)
FN:61,(anonymous_4)
FN:67,(anonymous_5)
FN:70,(anonymous_6)
FN:73,(anonymous_7)
FN:95,(anonymous_8)
FN:104,(anonymous_9)
FN:110,(anonymous_10)
FN:117,(anonymous_11)
FN:149,(anonymous_12)
FN:152,(anonymous_13)
FN:163,(anonymous_14)
FN:171,(anonymous_15)
FN:200,(anonymous_16)
FN:204,(anonymous_17)
FN:239,(anonymous_18)
FN:249,(anonymous_19)
FN:254,(anonymous_20)
FN:267,(anonymous_21)
FN:273,(anonymous_22)
FN:283,(anonymous_23)
FN:284,(anonymous_24)
FN:290,(anonymous_25)
FN:301,(anonymous_26)
FN:311,(anonymous_27)
FN:314,(anonymous_28)
FNF:28
FNH:0
FNDA:0,(anonymous_1)
FNDA:0,(anonymous_2)
FNDA:0,(anonymous_3)
FNDA:0,(anonymous_4)
FNDA:0,(anonymous_5)
FNDA:0,(anonymous_6)
FNDA:0,(anonymous_7)
FNDA:0,(anonymous_8)
FNDA:0,(anonymous_9)
FNDA:0,(anonymous_10)
FNDA:0,(anonymous_11)
FNDA:0,(anonymous_12)
FNDA:0,(anonymous_13)
FNDA:0,(anonymous_14)
FNDA:0,(anonymous_15)
FNDA:0,(anonymous_16)
FNDA:0,(anonymous_17)
FNDA:0,(anonymous_18)
FNDA:0,(anonymous_19)
FNDA:0,(anonymous_20)
FNDA:0,(anonymous_21)
FNDA:0,(anonymous_22)
FNDA:0,(anonymous_23)
FNDA:0,(anonymous_24)
FNDA:0,(anonymous_25)
FNDA:0,(anonymous_26)
FNDA:0,(anonymous_27)
FNDA:0,(anonymous_28)
DA:1,0
DA:2,0
DA:3,0
DA:4,0
DA:13,0
DA:17,0
DA:18,0
DA:19,0
DA:22,0
DA:23,0
DA:29,0
DA:33,0
DA:34,0
DA:35,0
DA:36,0
DA:37,0
DA:40,0
DA:41,0
DA:42,0
DA:43,0
DA:47,0
DA:48,0
DA:51,0
DA:58,0
DA:61,0
DA:62,0
DA:63,0
DA:68,0
DA:70,0
DA:71,0
DA:73,0
DA:74,0
DA:75,0
DA:76,0
DA:79,0
DA:89,0
DA:90,0
DA:92,0
DA:95,0
DA:96,0
DA:97,0
DA:98,0
DA:100,0
DA:104,0
DA:105,0
DA:106,0
DA:107,0
DA:110,0
DA:111,0
DA:112,0
DA:118,0
DA:120,0
DA:121,0
DA:124,0
DA:125,0
DA:128,0
DA:129,0
DA:132,0
DA:133,0
DA:136,0
DA:137,0
DA:140,0
DA:141,0
DA:143,0
DA:146,0
DA:150,0
DA:151,0
DA:152,0
DA:154,0
DA:155,0
DA:158,0
DA:159,0
DA:162,0
DA:163,0
DA:164,0
DA:167,0
DA:168,0
DA:172,0
DA:176,0
DA:178,0
DA:179,0
DA:182,0
DA:183,0
DA:186,0
DA:187,0
DA:190,0
DA:191,0
DA:195,0
DA:196,0
DA:201,0
DA:205,0
DA:206,0
DA:207,0
DA:209,0
DA:211,0
DA:212,0
DA:216,0
DA:217,0
DA:220,0
DA:221,0
DA:226,0
DA:231,0
DA:234,0
DA:235,0
DA:240,0
DA:241,0
DA:242,0
DA:243,0
DA:244,0
DA:245,0
DA:246,0
DA:251,0
DA:254,0
DA:255,0
DA:268,0
DA:269,0
DA:274,0
DA:275,0
DA:276,0
DA:277,0
DA:280,0
DA:281,0
DA:283,0
DA:284,0
DA:291,0
DA:292,0
DA:297,0
DA:302,0
DA:303,0
DA:304,0
DA:305,0
DA:306,0
DA:308,0
DA:310,0
DA:312,0
DA:315,0
DA:316,0
DA:322,0
DA:323,0
DA:325,0
DA:326,0
DA:327,0
DA:330,0
DA:337,0
DA:338,0
LF:145
LH:0
BRDA:34,0,0,0
BRDA:34,0,1,0
BRDA:41,1,0,0
BRDA:41,1,1,0
BRDA:47,2,0,0
BRDA:47,2,1,0
BRDA:118,3,0,0
BRDA:118,3,1,0
BRDA:118,3,2,0
BRDA:118,3,3,0
BRDA:118,3,4,0
BRDA:118,3,5,0
BRDA:140,4,0,0
BRDA:140,4,1,0
BRDA:154,5,0,0
BRDA:154,5,1,0
BRDA:171,6,0,0
BRDA:172,7,0,0
BRDA:172,7,1,0
BRDA:176,8,0,0
BRDA:176,8,1,0
BRDA:176,8,2,0
BRDA:176,8,3,0
BRDA:176,8,4,0
BRDA:176,8,5,0
BRDA:209,9,0,0
BRDA:209,9,1,0
BRDA:209,9,2,0
BRDA:209,9,3,0
BRDA:209,9,4,0
BRDA:209,9,5,0
BRDA:209,9,6,0
BRDA:268,10,0,0
BRDA:268,10,1,0
BRDA:268,11,0,0
BRDA:268,11,1,0
BRDA:274,12,0,0
BRDA:274,12,1,0
BRDA:291,13,0,0
BRDA:291,13,1,0
BRDA:305,14,0,0
BRDA:305,14,1,0
BRDA:322,15,0,0
BRDA:322,15,1,0
BRDA:325,16,0,0
BRDA:325,16,1,0
BRDA:331,17,0,0
BRDA:331,17,1,0
BRF:48
BRH:0
end_of_record
TN:
SF:src/config/room-config.schema.ts
FN:72,(anonymous_0)
FN:151,(anonymous_1)
FN:173,(anonymous_2)
FN:181,(anonymous_3)
FN:340,validateRoomConfig
FNF:5
FNH:0
FNDA:0,(anonymous_0)
FNDA:0,(anonymous_1)
FNDA:0,(anonymous_2)
FNDA:0,(anonymous_3)
FNDA:0,validateRoomConfig
DA:72,0
DA:73,0
DA:74,0
DA:75,0
DA:76,0
DA:77,0
DA:151,0
DA:152,0
DA:153,0
DA:154,0
DA:155,0
DA:156,0
DA:157,0
DA:158,0
DA:159,0
DA:173,0
DA:174,0
DA:175,0
DA:176,0
DA:177,0
DA:178,0
DA:181,0
DA:182,0
DA:183,0
DA:184,0
DA:185,0
DA:262,0
DA:340,0
DA:341,0
DA:342,0
DA:345,0
DA:346,0
DA:349,0
DA:350,0
DA:351,0
DA:354,0
DA:355,0
DA:356,0
DA:357,0
DA:361,0
DA:362,0
DA:363,0
DA:364,0
DA:369,0
DA:375,0
LF:45
LH:0
BRDA:72,0,0,0
BRDA:72,0,1,0
BRDA:151,1,0,0
BRDA:151,1,1,0
BRDA:173,2,0,0
BRDA:173,2,1,0
BRDA:181,3,0,0
BRDA:181,3,1,0
BRDA:341,4,0,0
BRDA:341,4,1,0
BRDA:341,5,0,0
BRDA:341,5,1,0
BRDA:345,6,0,0
BRDA:345,6,1,0
BRDA:345,7,0,0
BRDA:345,7,1,0
BRDA:349,8,0,0
BRDA:349,8,1,0
BRDA:350,9,0,0
BRDA:350,9,1,0
BRDA:354,10,0,0
BRDA:354,10,1,0
BRDA:356,11,0,0
BRDA:356,11,1,0
BRDA:361,12,0,0
BRDA:361,12,1,0
BRDA:363,13,0,0
BRDA:363,13,1,0
BRF:28
BRH:0
end_of_record
TN:
SF:src/logging/database-diff.ts
FN:59,(anonymous_10)
FN:65,(anonymous_11)
FN:72,(anonymous_12)
FN:81,(anonymous_13)
FN:135,(anonymous_14)
FN:148,(anonymous_15)
FN:149,(anonymous_16)
FN:160,(anonymous_17)
FN:171,(anonymous_18)
FN:172,(anonymous_19)
FN:191,(anonymous_20)
FN:214,(anonymous_21)
FN:222,(anonymous_22)
FN:223,(anonymous_23)
FN:242,(anonymous_24)
FN:250,(anonymous_25)
FN:251,(anonymous_26)
FN:267,(anonymous_27)
FN:300,(anonymous_28)
FN:311,(anonymous_29)
FN:312,(anonymous_30)
FN:340,(anonymous_31)
FN:345,(anonymous_32)
FN:363,(anonymous_33)
FN:376,(anonymous_34)
FN:409,(anonymous_35)
FN:413,(anonymous_36)
FN:433,(anonymous_37)
FN:463,(anonymous_38)
FN:506,(anonymous_39)
FN:514,(anonymous_40)
FN:529,(anonymous_41)
FN:546,(anonymous_42)
FN:572,(anonymous_43)
FN:592,(anonymous_44)
FN:599,(anonymous_45)
FN:606,(anonymous_46)
FN:617,(anonymous_47)
FNF:38
FNH:0
FNDA:0,(anonymous_10)
FNDA:0,(anonymous_11)
FNDA:0,(anonymous_12)
FNDA:0,(anonymous_13)
FNDA:0,(anonymous_14)
FNDA:0,(anonymous_15)
FNDA:0,(anonymous_16)
FNDA:0,(anonymous_17)
FNDA:0,(anonymous_18)
FNDA:0,(anonymous_19)
FNDA:0,(anonymous_20)
FNDA:0,(anonymous_21)
FNDA:0,(anonymous_22)
FNDA:0,(anonymous_23)
FNDA:0,(anonymous_24)
FNDA:0,(anonymous_25)
FNDA:0,(anonymous_26)
FNDA:0,(anonymous_27)
FNDA:0,(anonymous_28)
FNDA:0,(anonymous_29)
FNDA:0,(anonymous_30)
FNDA:0,(anonymous_31)
FNDA:0,(anonymous_32)
FNDA:0,(anonymous_33)
FNDA:0,(anonymous_34)
FNDA:0,(anonymous_35)
FNDA:0,(anonymous_36)
FNDA:0,(anonymous_37)
FNDA:0,(anonymous_38)
FNDA:0,(anonymous_39)
FNDA:0,(anonymous_40)
FNDA:0,(anonymous_41)
FNDA:0,(anonymous_42)
FNDA:0,(anonymous_43)
FNDA:0,(anonymous_44)
FNDA:0,(anonymous_45)
FNDA:0,(anonymous_46)
FNDA:0,(anonymous_47)
DA:6,0
DA:7,0
DA:8,0
DA:9,0
DA:10,0
DA:11,0
DA:51,0
DA:53,0
DA:54,0
DA:56,0
DA:57,0
DA:60,0
DA:61,0
DA:62,0
DA:66,0
DA:67,0
DA:69,0
DA:73,0
DA:74,0
DA:91,0
DA:93,0
DA:95,0
DA:98,0
DA:101,0
DA:104,0
DA:107,0
DA:119,0
DA:120,0
DA:123,0
DA:125,0
DA:127,0
DA:128,0
DA:136,0
DA:139,0
DA:140,0
DA:141,0
DA:143,0
DA:147,0
DA:148,0
DA:149,0
DA:153,0
DA:154,0
DA:155,0
DA:156,0
DA:162,0
DA:163,0
DA:164,0
DA:166,0
DA:170,0
DA:171,0
DA:172,0
DA:176,0
DA:177,0
DA:178,0
DA:179,0
DA:180,0
DA:181,0
DA:185,0
DA:192,0
DA:195,0
DA:196,0
DA:200,0
DA:201,0
DA:202,0
DA:207,0
DA:208,0
DA:211,0
DA:216,0
DA:217,0
DA:218,0
DA:221,0
DA:222,0
DA:223,0
DA:224,0
DA:229,0
DA:231,0
DA:232,0
DA:233,0
DA:234,0
DA:235,0
DA:239,0
DA:244,0
DA:245,0
DA:246,0
DA:249,0
DA:250,0
DA:251,0
DA:252,0
DA:257,0
DA:258,0
DA:261,0
DA:268,0
DA:269,0
DA:278,0
DA:280,0
DA:281,0
DA:282,0
DA:285,0
DA:286,0
DA:287,0
DA:290,0
DA:301,0
DA:302,0
DA:311,0
DA:312,0
DA:315,0
DA:316,0
DA:317,0
DA:322,0
DA:327,0
DA:328,0
DA:329,0
DA:334,0
DA:337,0
DA:338,0
DA:339,0
DA:340,0
DA:344,0
DA:345,0
DA:346,0
DA:347,0
DA:354,0
DA:355,0
DA:357,0
DA:365,0
DA:366,0
DA:367,0
DA:370,0
DA:377,0
DA:378,0
DA:380,0
DA:381,0
DA:382,0
DA:387,0
DA:388,0
DA:393,0
DA:394,0
DA:403,0
DA:410,0
DA:412,0
DA:413,0
DA:414,0
DA:415,0
DA:419,0
DA:420,0
DA:427,0
DA:434,0
DA:435,0
DA:441,0
DA:451,0
DA:452,0
DA:454,0
DA:455,0
DA:457,0
DA:468,0
DA:469,0
DA:470,0
DA:473,0
DA:479,0
DA:489,0
DA:490,0
DA:492,0
DA:493,0
DA:496,0
DA:499,0
DA:500,0
DA:508,0
DA:509,0
DA:513,0
DA:514,0
DA:516,0
DA:517,0
DA:518,0
DA:519,0
DA:520,0
DA:523,0
DA:530,0
DA:531,0
DA:533,0
DA:534,0
DA:536,0
DA:537,0
DA:539,0
DA:540,0
DA:547,0
DA:548,0
DA:551,0
DA:552,0
DA:553,0
DA:554,0
DA:555,0
DA:557,0
DA:558,0
DA:559,0
DA:562,0
DA:563,0
DA:564,0
DA:565,0
DA:567,0
DA:568,0
DA:571,0
DA:572,0
DA:573,0
DA:574,0
DA:575,0
DA:576,0
DA:577,0
DA:578,0
DA:582,0
DA:586,0
DA:593,0
DA:600,0
DA:607,0
DA:613,0
DA:614,0
DA:618,0
DA:623,0
LF:217
LH:0
BRDA:66,0,0,0
BRDA:66,0,1,0
BRDA:73,1,0,0
BRDA:73,1,1,0
BRDA:139,2,0,0
BRDA:139,2,1,0
BRDA:139,3,0,0
BRDA:139,3,1,0
BRDA:140,4,0,0
BRDA:140,4,1,0
BRDA:147,5,0,0
BRDA:147,5,1,0
BRDA:149,6,0,0
BRDA:149,6,1,0
BRDA:153,7,0,0
BRDA:153,7,1,0
BRDA:162,8,0,0
BRDA:162,8,1,0
BRDA:162,9,0,0
BRDA:162,9,1,0
BRDA:163,10,0,0
BRDA:163,10,1,0
BRDA:170,11,0,0
BRDA:170,11,1,0
BRDA:172,12,0,0
BRDA:172,12,1,0
BRDA:176,13,0,0
BRDA:176,13,1,0
BRDA:178,14,0,0
BRDA:178,14,1,0
BRDA:195,15,0,0
BRDA:195,15,1,0
BRDA:200,16,0,0
BRDA:200,16,1,0
BRDA:207,17,0,0
BRDA:207,17,1,0
BRDA:216,18,0,0
BRDA:216,18,1,0
BRDA:216,19,0,0
BRDA:216,19,1,0
BRDA:221,20,0,0
BRDA:221,20,1,0
BRDA:221,21,0,0
BRDA:221,21,1,0
BRDA:224,22,0,0
BRDA:224,22,1,0
BRDA:229,23,0,0
BRDA:229,23,1,0
BRDA:232,24,0,0
BRDA:232,24,1,0
BRDA:235,25,0,0
BRDA:235,25,1,0
BRDA:244,26,0,0
BRDA:244,26,1,0
BRDA:244,27,0,0
BRDA:244,27,1,0
BRDA:249,28,0,0
BRDA:249,28,1,0
BRDA:249,29,0,0
BRDA:249,29,1,0
BRDA:252,30,0,0
BRDA:252,30,1,0
BRDA:257,31,0,0
BRDA:257,31,1,0
BRDA:278,32,0,0
BRDA:278,32,1,0
BRDA:278,33,0,0
BRDA:278,33,1,0
BRDA:316,34,0,0
BRDA:316,34,1,0
BRDA:328,35,0,0
BRDA:328,35,1,0
BRDA:339,36,0,0
BRDA:339,36,1,0
BRDA:346,37,0,0
BRDA:346,37,1,0
BRDA:365,38,0,0
BRDA:365,38,1,0
BRDA:366,39,0,0
BRDA:366,39,1,0
BRDA:367,40,0,0
BRDA:367,40,1,0
BRDA:381,41,0,0
BRDA:381,41,1,0
BRDA:387,42,0,0
BRDA:387,42,1,0
BRDA:393,43,0,0
BRDA:393,43,1,0
BRDA:414,44,0,0
BRDA:414,44,1,0
BRDA:419,45,0,0
BRDA:419,45,1,0
BRDA:447,46,0,0
BRDA:447,46,1,0
BRDA:469,47,0,0
BRDA:469,47,1,0
BRDA:489,48,0,0
BRDA:489,48,1,0
BRDA:492,49,0,0
BRDA:492,49,1,0
BRDA:508,50,0,0
BRDA:508,50,1,0
BRDA:514,51,0,0
BRDA:514,51,1,0
BRDA:516,52,0,0
BRDA:516,52,1,0
BRDA:531,53,0,0
BRDA:531,53,1,0
BRDA:546,54,0,0
BRDA:547,55,0,0
BRDA:547,55,1,0
BRDA:551,56,0,0
BRDA:551,56,1,0
BRDA:557,57,0,0
BRDA:557,57,1,0
BRDA:567,58,0,0
BRDA:567,58,1,0
BRDA:573,59,0,0
BRDA:573,59,1,0
BRDA:574,60,0,0
BRDA:574,60,1,0
BRDA:574,61,0,0
BRDA:574,61,1,0
BRDA:575,62,0,0
BRDA:575,62,1,0
BRDA:576,63,0,0
BRDA:576,63,1,0
BRDA:576,64,0,0
BRDA:576,64,1,0
BRDA:577,65,0,0
BRDA:577,65,1,0
BRF:131
BRH:0
end_of_record
TN:
SF:src/logging/preload-interceptors.ts
FN:353,(anonymous_10)
FN:353,(anonymous_11)
FN:353,(anonymous_12)
FN:69,prettyPrint
FN:132,formatBytes
FN:146,(anonymous_15)
FN:148,(anonymous_16)
FN:151,(anonymous_17)
FN:179,(anonymous_18)
FN:195,(anonymous_19)
FN:227,(anonymous_20)
FN:250,(anonymous_21)
FN:275,(anonymous_22)
FN:288,initialize
FN:297,(anonymous_24)
FN:304,(anonymous_25)
FN:311,(anonymous_26)
FN:317,(anonymous_27)
FNF:18
FNH:0
FNDA:0,(anonymous_10)
FNDA:0,(anonymous_11)
FNDA:0,(anonymous_12)
FNDA:0,prettyPrint
FNDA:0,formatBytes
FNDA:0,(anonymous_15)
FNDA:0,(anonymous_16)
FNDA:0,(anonymous_17)
FNDA:0,(anonymous_18)
FNDA:0,(anonymous_19)
FNDA:0,(anonymous_20)
FNDA:0,(anonymous_21)
FNDA:0,(anonymous_22)
FNDA:0,initialize
FNDA:0,(anonymous_24)
FNDA:0,(anonymous_25)
FNDA:0,(anonymous_26)
FNDA:0,(anonymous_27)
DA:9,0
DA:10,0
DA:11,0
DA:12,0
DA:13,0
DA:14,0
DA:15,0
DA:18,0
DA:19,0
DA:22,0
DA:36,0
DA:37,0
DA:41,0
DA:42,0
DA:62,0
DA:70,0
DA:72,0
DA:73,0
DA:74,0
DA:75,0
DA:76,0
DA:77,0
DA:78,0
DA:80,0
DA:89,0
DA:90,0
DA:91,0
DA:92,0
DA:93,0
DA:94,0
DA:96,0
DA:105,0
DA:106,0
DA:109,0
DA:110,0
DA:116,0
DA:117,0
DA:118,0
DA:119,0
DA:121,0
DA:133,0
DA:134,0
DA:135,0
DA:136,0
DA:137,0
DA:141,0
DA:142,0
DA:144,0
DA:146,0
DA:148,0
DA:149,0
DA:151,0
DA:152,0
DA:156,0
DA:157,0
DA:158,0
DA:159,0
DA:162,0
DA:164,0
DA:165,0
DA:171,0
DA:172,0
DA:173,0
DA:174,0
DA:177,0
DA:179,0
DA:181,0
DA:182,0
DA:183,0
DA:186,0
DA:188,0
DA:189,0
DA:194,0
DA:195,0
DA:196,0
DA:199,0
DA:209,0
DA:210,0
DA:213,0
DA:214,0
DA:221,0
DA:222,0
DA:223,0
DA:227,0
DA:228,0
DA:229,0
DA:246,0
DA:250,0
DA:251,0
DA:252,0
DA:253,0
DA:254,0
DA:255,0
DA:256,0
DA:258,0
DA:261,0
DA:269,0
DA:275,0
DA:276,0
DA:279,0
DA:280,0
DA:281,0
DA:284,0
DA:289,0
DA:290,0
DA:291,0
DA:292,0
DA:295,0
DA:296,0
DA:297,0
DA:298,0
DA:302,0
DA:303,0
DA:304,0
DA:305,0
DA:309,0
DA:310,0
DA:311,0
DA:312,0
DA:317,0
DA:318,0
DA:319,0
DA:320,0
DA:321,0
DA:326,0
DA:327,0
DA:331,0
DA:336,0
DA:337,0
DA:338,0
DA:339,0
DA:341,0
DA:342,0
DA:344,0
DA:345,0
DA:350,0
DA:353,0
LF:137
LH:0
BRDA:27,0,0,0
BRDA:27,0,1,0
BRDA:29,1,0,0
BRDA:29,1,1,0
BRDA:30,2,0,0
BRDA:30,2,1,0
BRDA:31,3,0,0
BRDA:31,3,1,0
BRDA:36,4,0,0
BRDA:36,4,1,0
BRDA:55,5,0,0
BRDA:55,5,1,0
BRDA:72,6,0,0
BRDA:72,6,1,0
BRDA:73,7,0,0
BRDA:73,7,1,0
BRDA:74,8,0,0
BRDA:74,8,1,0
BRDA:75,9,0,0
BRDA:75,9,1,0
BRDA:75,10,0,0
BRDA:75,10,1,0
BRDA:76,11,0,0
BRDA:76,11,1,0
BRDA:77,12,0,0
BRDA:77,12,1,0
BRDA:89,13,0,0
BRDA:89,13,1,0
BRDA:90,14,0,0
BRDA:90,14,1,0
BRDA:92,15,0,0
BRDA:92,15,1,0
BRDA:92,16,0,0
BRDA:92,16,1,0
BRDA:93,17,0,0
BRDA:93,17,1,0
BRDA:94,18,0,0
BRDA:94,18,1,0
BRDA:105,19,0,0
BRDA:105,19,1,0
BRDA:105,20,0,0
BRDA:105,20,1,0
BRDA:109,21,0,0
BRDA:109,21,1,0
BRDA:116,22,0,0
BRDA:116,22,1,0
BRDA:119,23,0,0
BRDA:119,23,1,0
BRDA:133,24,0,0
BRDA:133,24,1,0
BRDA:141,25,0,0
BRDA:141,25,1,0
BRDA:144,26,0,0
BRDA:144,26,1,0
BRDA:148,27,0,0
BRDA:148,27,1,0
BRDA:148,28,0,0
BRDA:148,28,1,0
BRDA:151,29,0,0
BRDA:151,29,1,0
BRDA:151,30,0,0
BRDA:151,30,1,0
BRDA:157,31,0,0
BRDA:157,31,1,0
BRDA:164,32,0,0
BRDA:164,32,1,0
BRDA:171,33,0,0
BRDA:171,33,1,0
BRDA:173,34,0,0
BRDA:173,34,1,0
BRDA:182,35,0,0
BRDA:182,35,1,0
BRDA:183,36,0,0
BRDA:183,36,1,0
BRDA:188,37,0,0
BRDA:188,37,1,0
BRDA:194,38,0,0
BRDA:194,38,1,0
BRDA:209,39,0,0
BRDA:209,39,1,0
BRDA:213,40,0,0
BRDA:213,40,1,0
BRDA:221,41,0,0
BRDA:221,41,1,0
BRDA:255,42,0,0
BRDA:255,42,1,0
BRDA:255,43,0,0
BRDA:255,43,1,0
BRDA:266,44,0,0
BRDA:266,44,1,0
BRDA:276,45,0,0
BRDA:276,45,1,0
BRDA:279,46,0,0
BRDA:279,46,1,0
BRDA:289,47,0,0
BRDA:289,47,1,0
BRDA:295,48,0,0
BRDA:295,48,1,0
BRDA:298,49,0,0
BRDA:298,49,1,0
BRDA:298,49,2,0
BRDA:302,50,0,0
BRDA:302,50,1,0
BRDA:309,51,0,0
BRDA:309,51,1,0
BRDA:318,52,0,0
BRDA:318,52,1,0
BRDA:318,53,0,0
BRDA:318,53,1,0
BRDA:320,54,0,0
BRDA:320,54,1,0
BRDA:320,55,0,0
BRDA:320,55,1,0
BRDA:326,56,0,0
BRDA:326,56,1,0
BRDA:338,57,0,0
BRDA:338,57,1,0
BRDA:339,58,0,0
BRDA:339,58,1,0
BRDA:341,59,0,0
BRDA:341,59,1,0
BRDA:344,60,0,0
BRDA:344,60,1,0
BRF:123
BRH:0
end_of_record
TN:
SF:src/logging/system-metrics-logger.ts
FN:94,(anonymous_10)
FN:100,(anonymous_11)
FN:107,(anonymous_12)
FN:115,(anonymous_13)
FN:121,(anonymous_14)
FN:128,(anonymous_15)
FN:154,(anonymous_16)
FN:175,(anonymous_17)
FN:179,(anonymous_18)
FN:199,(anonymous_19)
FN:229,(anonymous_20)
FN:241,(anonymous_21)
FN:305,(anonymous_22)
FN:362,(anonymous_23)
FN:394,(anonymous_24)
FN:407,(anonymous_25)
FN:431,(anonymous_26)
FN:437,(anonymous_27)
FN:441,(anonymous_28)
FN:445,(anonymous_29)
FN:448,(anonymous_30)
FN:449,(anonymous_31)
FN:451,(anonymous_32)
FN:452,(anonymous_33)
FN:457,(anonymous_34)
FN:462,(anonymous_35)
FN:467,(anonymous_36)
FN:478,(anonymous_37)
FN:485,(anonymous_38)
FNF:29
FNH:0
FNDA:0,(anonymous_10)
FNDA:0,(anonymous_11)
FNDA:0,(anonymous_12)
FNDA:0,(anonymous_13)
FNDA:0,(anonymous_14)
FNDA:0,(anonymous_15)
FNDA:0,(anonymous_16)
FNDA:0,(anonymous_17)
FNDA:0,(anonymous_18)
FNDA:0,(anonymous_19)
FNDA:0,(anonymous_20)
FNDA:0,(anonymous_21)
FNDA:0,(anonymous_22)
FNDA:0,(anonymous_23)
FNDA:0,(anonymous_24)
FNDA:0,(anonymous_25)
FNDA:0,(anonymous_26)
FNDA:0,(anonymous_27)
FNDA:0,(anonymous_28)
FNDA:0,(anonymous_29)
FNDA:0,(anonymous_30)
FNDA:0,(anonymous_31)
FNDA:0,(anonymous_32)
FNDA:0,(anonymous_33)
FNDA:0,(anonymous_34)
FNDA:0,(anonymous_35)
FNDA:0,(anonymous_36)
FNDA:0,(anonymous_37)
FNDA:0,(anonymous_38)
DA:6,0
DA:7,0
DA:8,0
DA:9,0
DA:10,0
DA:11,0
DA:13,0
DA:85,0
DA:88,0
DA:89,0
DA:90,0
DA:91,0
DA:95,0
DA:96,0
DA:97,0
DA:101,0
DA:102,0
DA:103,0
DA:108,0
DA:110,0
DA:113,0
DA:115,0
DA:116,0
DA:117,0
DA:122,0
DA:123,0
DA:124,0
DA:129,0
DA:137,0
DA:146,0
DA:147,0
DA:148,0
DA:151,0
DA:155,0
DA:156,0
DA:159,0
DA:161,0
DA:162,0
DA:163,0
DA:167,0
DA:176,0
DA:177,0
DA:179,0
DA:180,0
DA:182,0
DA:183,0
DA:184,0
DA:185,0
DA:186,0
DA:188,0
DA:190,0
DA:191,0
DA:194,0
DA:196,0
DA:200,0
DA:201,0
DA:202,0
DA:204,0
DA:212,0
DA:213,0
DA:214,0
DA:215,0
DA:216,0
DA:217,0
DA:218,0
DA:226,0
DA:230,0
DA:233,0
DA:234,0
DA:236,0
DA:237,0
DA:238,0
DA:240,0
DA:241,0
DA:242,0
DA:255,0
DA:264,0
DA:265,0
DA:266,0
DA:268,0
DA:282,0
DA:283,0
DA:284,0
DA:285,0
DA:286,0
DA:299,0
DA:306,0
DA:308,0
DA:309,0
DA:310,0
DA:311,0
DA:312,0
DA:314,0
DA:315,0
DA:317,0
DA:319,0
DA:320,0
DA:322,0
DA:323,0
DA:324,0
DA:326,0
DA:327,0
DA:329,0
DA:330,0
DA:331,0
DA:334,0
DA:342,0
DA:343,0
DA:344,0
DA:345,0
DA:347,0
DA:351,0
DA:353,0
DA:363,0
DA:365,0
DA:366,0
DA:367,0
DA:368,0
DA:370,0
DA:371,0
DA:373,0
DA:375,0
DA:376,0
DA:377,0
DA:378,0
DA:379,0
DA:380,0
DA:381,0
DA:382,0
DA:391,0
DA:395,0
DA:397,0
DA:398,0
DA:400,0
DA:401,0
DA:402,0
DA:408,0
DA:409,0
DA:411,0
DA:412,0
DA:413,0
DA:414,0
DA:415,0
DA:416,0
DA:417,0
DA:428,0
DA:432,0
DA:433,0
DA:438,0
DA:442,0
DA:446,0
DA:448,0
DA:449,0
DA:450,0
DA:451,0
DA:452,0
DA:454,0
DA:457,0
DA:462,0
DA:467,0
DA:479,0
DA:480,0
DA:481,0
DA:482,0
DA:486,0
DA:487,0
DA:488,0
DA:501,0
DA:502,0
DA:507,0
LF:170
LH:0
BRDA:95,0,0,0
BRDA:95,0,1,0
BRDA:102,1,0,0
BRDA:102,1,1,0
BRDA:107,2,0,0
BRDA:122,3,0,0
BRDA:122,3,1,0
BRDA:147,4,0,0
BRDA:147,4,1,0
BRDA:162,5,0,0
BRDA:162,5,1,0
BRDA:196,6,0,0
BRDA:196,6,1,0
BRDA:214,7,0,0
BRDA:214,7,1,0
BRDA:221,8,0,0
BRDA:221,8,1,0
BRDA:236,9,0,0
BRDA:236,9,1,0
BRDA:266,10,0,0
BRDA:266,10,1,0
BRDA:282,11,0,0
BRDA:282,11,1,0
BRDA:285,12,0,0
BRDA:285,12,1,0
BRDA:285,13,0,0
BRDA:285,13,1,0
BRDA:285,13,2,0
BRDA:285,13,3,0
BRDA:285,13,4,0
BRDA:320,14,0,0
BRDA:320,14,1,0
BRDA:320,15,0,0
BRDA:320,15,1,0
BRDA:323,16,0,0
BRDA:323,16,1,0
BRDA:329,17,0,0
BRDA:329,17,1,0
BRDA:329,18,0,0
BRDA:329,18,1,0
BRDA:365,19,0,0
BRDA:365,19,1,0
BRDA:375,20,0,0
BRDA:375,20,1,0
BRDA:378,21,0,0
BRDA:378,21,1,0
BRDA:380,22,0,0
BRDA:380,22,1,0
BRDA:383,23,0,0
BRDA:383,23,1,0
BRDA:384,24,0,0
BRDA:384,24,1,0
BRDA:398,25,0,0
BRDA:398,25,1,0
BRDA:401,26,0,0
BRDA:401,26,1,0
BRDA:401,27,0,0
BRDA:401,27,1,0
BRDA:412,28,0,0
BRDA:412,28,1,0
BRDA:412,29,0,0
BRDA:412,29,1,0
BRDA:415,30,0,0
BRDA:415,30,1,0
BRDA:422,31,0,0
BRDA:422,31,1,0
BRDA:432,32,0,0
BRDA:432,32,1,0
BRDA:446,33,0,0
BRDA:446,33,1,0
BRDA:466,34,0,0
BRDA:466,34,1,0
BRDA:472,35,0,0
BRDA:472,35,1,0
BRDA:473,36,0,0
BRDA:473,36,1,0
BRDA:480,37,0,0
BRDA:480,37,1,0
BRDA:486,38,0,0
BRDA:486,38,1,0
BRF:80
BRH:0
end_of_record
TN:
SF:src/server/chat-server.ts
FN:28,(anonymous_0)
FN:35,(anonymous_1)
FN:36,(anonymous_2)
FN:40,(anonymous_3)
FN:50,(anonymous_4)
FN:54,(anonymous_5)
FN:60,(anonymous_6)
FN:87,(anonymous_7)
FN:155,(anonymous_8)
FN:188,(anonymous_9)
FN:204,(anonymous_10)
FN:327,(anonymous_11)
FN:335,(anonymous_12)
FN:341,(anonymous_13)
FN:374,(anonymous_14)
FN:379,(anonymous_15)
FN:385,(anonymous_16)
FN:389,(anonymous_17)
FN:413,(anonymous_18)
FN:494,(anonymous_19)
FN:495,(anonymous_20)
FN:496,(anonymous_21)
FN:503,(anonymous_22)
FN:504,(anonymous_23)
FN:505,(anonymous_24)
FN:506,(anonymous_25)
FNF:26
FNH:0
FNDA:0,(anonymous_0)
FNDA:0,(anonymous_1)
FNDA:0,(anonymous_2)
FNDA:0,(anonymous_3)
FNDA:0,(anonymous_4)
FNDA:0,(anonymous_5)
FNDA:0,(anonymous_6)
FNDA:0,(anonymous_7)
FNDA:0,(anonymous_8)
FNDA:0,(anonymous_9)
FNDA:0,(anonymous_10)
FNDA:0,(anonymous_11)
FNDA:0,(anonymous_12)
FNDA:0,(anonymous_13)
FNDA:0,(anonymous_14)
FNDA:0,(anonymous_15)
FNDA:0,(anonymous_16)
FNDA:0,(anonymous_17)
FNDA:0,(anonymous_18)
FNDA:0,(anonymous_19)
FNDA:0,(anonymous_20)
FNDA:0,(anonymous_21)
FNDA:0,(anonymous_22)
FNDA:0,(anonymous_23)
FNDA:0,(anonymous_24)
FNDA:0,(anonymous_25)
DA:1,0
DA:2,0
DA:3,0
DA:4,0
DA:21,0
DA:24,0
DA:25,0
DA:29,0
DA:30,0
DA:31,0
DA:32,0
DA:36,0
DA:37,0
DA:38,0
DA:40,0
DA:41,0
DA:42,0
DA:43,0
DA:45,0
DA:46,0
DA:50,0
DA:51,0
DA:54,0
DA:55,0
DA:61,0
DA:63,0
DA:64,0
DA:67,0
DA:68,0
DA:71,0
DA:72,0
DA:75,0
DA:76,0
DA:80,0
DA:83,0
DA:92,0
DA:95,0
DA:96,0
DA:97,0
DA:104,0
DA:105,0
DA:109,0
DA:117,0
DA:120,0
DA:123,0
DA:124,0
DA:125,0
DA:129,0
DA:136,0
DA:144,0
DA:146,0
DA:152,0
DA:158,0
DA:159,0
DA:160,0
DA:161,0
DA:164,0
DA:165,0
DA:167,0
DA:176,0
DA:179,0
DA:185,0
DA:189,0
DA:190,0
DA:192,0
DA:193,0
DA:196,0
DA:198,0
DA:204,0
DA:210,0
DA:213,0
DA:225,0
DA:228,0
DA:240,0
DA:243,0
DA:244,0
DA:245,0
DA:251,0
DA:328,0
DA:329,0
DA:331,0
DA:332,0
DA:335,0
DA:338,0
DA:339,0
DA:341,0
DA:342,0
DA:343,0
DA:348,0
DA:356,0
DA:358,0
DA:365,0
DA:368,0
DA:369,0
DA:370,0
DA:375,0
DA:376,0
DA:380,0
DA:381,0
DA:386,0
DA:387,0
DA:389,0
DA:390,0
DA:391,0
DA:392,0
DA:393,0
DA:414,0
DA:495,0
DA:496,0
DA:497,0
DA:498,0
DA:504,0
DA:505,0
DA:506,0
DA:507,0
DA:508,0
LF:116
LH:0
BRDA:28,0,0,0
BRDA:61,1,0,0
BRDA:61,1,1,0
BRDA:61,1,2,0
BRDA:61,1,3,0
BRDA:61,1,4,0
BRDA:61,1,5,0
BRDA:96,2,0,0
BRDA:96,2,1,0
BRDA:123,3,0,0
BRDA:123,3,1,0
BRDA:123,4,0,0
BRDA:123,4,1,0
BRDA:140,5,0,0
BRDA:140,5,1,0
BRDA:159,6,0,0
BRDA:159,6,1,0
BRDA:159,7,0,0
BRDA:159,7,1,0
BRDA:165,8,0,0
BRDA:165,8,1,0
BRDA:173,9,0,0
BRDA:173,9,1,0
BRDA:190,10,0,0
BRDA:190,10,1,0
BRDA:190,11,0,0
BRDA:190,11,1,0
BRDA:193,12,0,0
BRDA:193,12,1,0
BRDA:196,13,0,0
BRDA:196,13,1,0
BRDA:196,13,2,0
BRDA:196,13,3,0
BRDA:243,14,0,0
BRDA:243,14,1,0
BRDA:243,15,0,0
BRDA:243,15,1,0
BRDA:329,16,0,0
BRDA:329,16,1,0
BRDA:329,17,0,0
BRDA:329,17,1,0
BRDA:332,18,0,0
BRDA:332,18,1,0
BRDA:338,19,0,0
BRDA:338,19,1,0
BRDA:342,20,0,0
BRDA:342,20,1,0
BRDA:368,21,0,0
BRDA:368,21,1,0
BRDA:380,22,0,0
BRDA:380,22,1,0
BRDA:387,23,0,0
BRDA:387,23,1,0
BRDA:390,24,0,0
BRDA:390,24,1,0
BRDA:392,25,0,0
BRDA:392,25,1,0
BRF:57
BRH:0
end_of_record
TN:
SF:src/utils/mermaid-parser.ts
FN:31,(anonymous_0)
FN:47,(anonymous_1)
FN:85,(anonymous_2)
FN:109,(anonymous_3)
FN:128,(anonymous_4)
FN:136,(anonymous_5)
FN:137,(anonymous_6)
FN:140,(anonymous_7)
FN:156,(anonymous_8)
FN:157,(anonymous_9)
FN:165,(anonymous_10)
FN:176,(anonymous_11)
FN:177,(anonymous_12)
FNF:13
FNH:0
FNDA:0,(anonymous_0)
FNDA:0,(anonymous_1)
FNDA:0,(anonymous_2)
FNDA:0,(anonymous_3)
FNDA:0,(anonymous_4)
FNDA:0,(anonymous_5)
FNDA:0,(anonymous_6)
FNDA:0,(anonymous_7)
FNDA:0,(anonymous_8)
FNDA:0,(anonymous_9)
FNDA:0,(anonymous_10)
FNDA:0,(anonymous_11)
FNDA:0,(anonymous_12)
DA:27,0
DA:32,0
DA:33,0
DA:34,0
DA:36,0
DA:48,0
DA:51,0
DA:54,0
DA:55,0
DA:56,0
DA:57,0
DA:59,0
DA:67,0
DA:68,0
DA:69,0
DA:70,0
DA:72,0
DA:79,0
DA:89,0
DA:92,0
DA:101,0
DA:103,0
DA:104,0
DA:105,0
DA:106,0
DA:109,0
DA:110,0
DA:112,0
DA:122,0
DA:132,0
DA:135,0
DA:136,0
DA:137,0
DA:140,0
DA:141,0
DA:143,0
DA:144,0
DA:145,0
DA:146,0
DA:148,0
DA:149,0
DA:155,0
DA:156,0
DA:157,0
DA:159,0
DA:175,0
DA:176,0
DA:177,0
DA:179,0
LF:49
LH:0
BRDA:56,0,0,0
BRDA:56,0,1,0
BRDA:57,1,0,0
BRDA:57,1,1,0
BRDA:70,2,0,0
BRDA:70,2,1,0
BRDA:110,3,0,0
BRDA:110,3,1,0
BRDA:141,4,0,0
BRDA:141,4,1,0
BRDA:144,5,0,0
BRDA:144,5,1,0
BRDA:146,6,0,0
BRDA:146,6,1,0
BRDA:156,7,0,0
BRDA:156,7,1,0
BRDA:180,8,0,0
BRDA:180,8,1,0
BRF:18
BRH:0
end_of_record
