{
  "reportId": "isolated-story-report-1752992668191",
  "timestamp": "2025-07-20T06:24:28.191Z",
  "roomId": "calculator-system-test",
  "storyId": "US001_Calculator_BasicMath",
  "storyStatus": "FAILURE",
  "narrative": "Story US001_Calculator_BasicMath: ‚ùå FAILURE - 5 test(s) failed.",
  "systemTests": [
    {
      "name": "test_US001_SD001_addition",
      "storyId": "US001",
      "diagramId": "SD001",
      "status": "failed",
      "duration": 6,
      "error": "Error: expect(received).toBe(expected) // Object.is equality\n\nExpected: 42\nReceived: 43\n    at Object.<anonymous> (/home/ormastes/dev/aidev/demo/cli-chat-room/test/system/calculator/test_US001_SD001_simple.test.ts:18:20)\n    at Promise.finally.In Progress (/home/ormastes/dev/aidev/demo/cli-chat-room/node_modules/jest-circus/build/jestAdapterInit.js:1559:28)\n    at new Promise (<anonymous>)\n    at callAsyncCircusFn (/home/ormastes/dev/aidev/demo/cli-chat-room/node_modules/jest-circus/build/jestAdapterInit.js:1499:10)\n    at _callCircusTest (/home/ormastes/dev/aidev/demo/cli-chat-room/node_modules/jest-circus/build/jestAdapterInit.js:1009:40)\n    at processTicksAndRejections (node:internal/process/task_queues:95:5)\n    at _runTest (/home/ormastes/dev/aidev/demo/cli-chat-room/node_modules/jest-circus/build/jestAdapterInit.js:949:3)\n    at _runTestsForDescribeBlock (/home/ormastes/dev/aidev/demo/cli-chat-room/node_modules/jest-circus/build/jestAdapterInit.js:839:13)\n    at _runTestsForDescribeBlock (/home/ormastes/dev/aidev/demo/cli-chat-room/node_modules/jest-circus/build/jestAdapterInit.js:829:11)\n    at run (/home/ormastes/dev/aidev/demo/cli-chat-room/node_modules/jest-circus/build/jestAdapterInit.js:757:3)\n    at runAndTransformResultsToJestFormat (/home/ormastes/dev/aidev/demo/cli-chat-room/node_modules/jest-circus/build/jestAdapterInit.js:1920:21)\n    at jestAdapter (/home/ormastes/dev/aidev/demo/cli-chat-room/node_modules/jest-circus/build/runner.js:101:19)\n    at runTestInternal (/home/ormastes/dev/aidev/demo/cli-chat-room/node_modules/jest-runner/build/index.js:272:16)\n    at runTest (/home/ormastes/dev/aidev/demo/cli-chat-room/node_modules/jest-runner/build/index.js:340:7)"
    },
    {
      "name": "test_US001_SD001_multiplication",
      "storyId": "US001",
      "diagramId": "SD001",
      "status": "failed",
      "duration": 1,
      "error": "Error: expect(received).toBe(expected) // Object.is equality\n\nExpected: 300\nReceived: 103\n    at Object.<anonymous> (/home/ormastes/dev/aidev/demo/cli-chat-room/test/system/calculator/test_US001_SD001_simple.test.ts:24:20)\n    at Promise.finally.In Progress (/home/ormastes/dev/aidev/demo/cli-chat-room/node_modules/jest-circus/build/jestAdapterInit.js:1559:28)\n    at new Promise (<anonymous>)\n    at callAsyncCircusFn (/home/ormastes/dev/aidev/demo/cli-chat-room/node_modules/jest-circus/build/jestAdapterInit.js:1499:10)\n    at _callCircusTest (/home/ormastes/dev/aidev/demo/cli-chat-room/node_modules/jest-circus/build/jestAdapterInit.js:1009:40)\n    at processTicksAndRejections (node:internal/process/task_queues:95:5)\n    at _runTest (/home/ormastes/dev/aidev/demo/cli-chat-room/node_modules/jest-circus/build/jestAdapterInit.js:949:3)\n    at _runTestsForDescribeBlock (/home/ormastes/dev/aidev/demo/cli-chat-room/node_modules/jest-circus/build/jestAdapterInit.js:839:13)\n    at _runTestsForDescribeBlock (/home/ormastes/dev/aidev/demo/cli-chat-room/node_modules/jest-circus/build/jestAdapterInit.js:829:11)\n    at run (/home/ormastes/dev/aidev/demo/cli-chat-room/node_modules/jest-circus/build/jestAdapterInit.js:757:3)\n    at runAndTransformResultsToJestFormat (/home/ormastes/dev/aidev/demo/cli-chat-room/node_modules/jest-circus/build/jestAdapterInit.js:1920:21)\n    at jestAdapter (/home/ormastes/dev/aidev/demo/cli-chat-room/node_modules/jest-circus/build/runner.js:101:19)\n    at runTestInternal (/home/ormastes/dev/aidev/demo/cli-chat-room/node_modules/jest-runner/build/index.js:272:16)\n    at runTest (/home/ormastes/dev/aidev/demo/cli-chat-room/node_modules/jest-runner/build/index.js:340:7)"
    },
    {
      "name": "test_US001_SD001_division",
      "storyId": "US001",
      "diagramId": "SD001",
      "status": "In Progress",
      "duration": 1
    },
    {
      "name": "test_US001_SD001_subtraction",
      "storyId": "US001",
      "diagramId": "SD001",
      "status": "failed",
      "duration": 1,
      "error": "Error: expect(received).toBe(expected) // Object.is equality\n\nExpected: 66\nReceived: 65\n    at Object.<anonymous> (/home/ormastes/dev/aidev/demo/cli-chat-room/test/system/calculator/test_US001_SD001_simple.test.ts:36:20)\n    at Promise.finally.In Progress (/home/ormastes/dev/aidev/demo/cli-chat-room/node_modules/jest-circus/build/jestAdapterInit.js:1559:28)\n    at new Promise (<anonymous>)\n    at callAsyncCircusFn (/home/ormastes/dev/aidev/demo/cli-chat-room/node_modules/jest-circus/build/jestAdapterInit.js:1499:10)\n    at _callCircusTest (/home/ormastes/dev/aidev/demo/cli-chat-room/node_modules/jest-circus/build/jestAdapterInit.js:1009:40)\n    at processTicksAndRejections (node:internal/process/task_queues:95:5)\n    at _runTest (/home/ormastes/dev/aidev/demo/cli-chat-room/node_modules/jest-circus/build/jestAdapterInit.js:949:3)\n    at _runTestsForDescribeBlock (/home/ormastes/dev/aidev/demo/cli-chat-room/node_modules/jest-circus/build/jestAdapterInit.js:839:13)\n    at _runTestsForDescribeBlock (/home/ormastes/dev/aidev/demo/cli-chat-room/node_modules/jest-circus/build/jestAdapterInit.js:829:11)\n    at run (/home/ormastes/dev/aidev/demo/cli-chat-room/node_modules/jest-circus/build/jestAdapterInit.js:757:3)\n    at runAndTransformResultsToJestFormat (/home/ormastes/dev/aidev/demo/cli-chat-room/node_modules/jest-circus/build/jestAdapterInit.js:1920:21)\n    at jestAdapter (/home/ormastes/dev/aidev/demo/cli-chat-room/node_modules/jest-circus/build/runner.js:101:19)\n    at runTestInternal (/home/ormastes/dev/aidev/demo/cli-chat-room/node_modules/jest-runner/build/index.js:272:16)\n    at runTest (/home/ormastes/dev/aidev/demo/cli-chat-room/node_modules/jest-runner/build/index.js:340:7)"
    },
    {
      "name": "test_US001_SD001_string_expressions",
      "storyId": "US001",
      "diagramId": "SD001",
      "status": "failed",
      "duration": 0,
      "error": "Error: expect(received).toBe(expected) // Object.is equality\n\nExpected: 42\nReceived: 43\n    at Object.<anonymous> (/home/ormastes/dev/aidev/demo/cli-chat-room/test/system/calculator/test_US001_SD001_simple.test.ts:40:45)\n    at Promise.finally.In Progress (/home/ormastes/dev/aidev/demo/cli-chat-room/node_modules/jest-circus/build/jestAdapterInit.js:1559:28)\n    at new Promise (<anonymous>)\n    at callAsyncCircusFn (/home/ormastes/dev/aidev/demo/cli-chat-room/node_modules/jest-circus/build/jestAdapterInit.js:1499:10)\n    at _callCircusTest (/home/ormastes/dev/aidev/demo/cli-chat-room/node_modules/jest-circus/build/jestAdapterInit.js:1009:40)\n    at processTicksAndRejections (node:internal/process/task_queues:95:5)\n    at _runTest (/home/ormastes/dev/aidev/demo/cli-chat-room/node_modules/jest-circus/build/jestAdapterInit.js:949:3)\n    at _runTestsForDescribeBlock (/home/ormastes/dev/aidev/demo/cli-chat-room/node_modules/jest-circus/build/jestAdapterInit.js:839:13)\n    at _runTestsForDescribeBlock (/home/ormastes/dev/aidev/demo/cli-chat-room/node_modules/jest-circus/build/jestAdapterInit.js:829:11)\n    at run (/home/ormastes/dev/aidev/demo/cli-chat-room/node_modules/jest-circus/build/jestAdapterInit.js:757:3)\n    at runAndTransformResultsToJestFormat (/home/ormastes/dev/aidev/demo/cli-chat-room/node_modules/jest-circus/build/jestAdapterInit.js:1920:21)\n    at jestAdapter (/home/ormastes/dev/aidev/demo/cli-chat-room/node_modules/jest-circus/build/runner.js:101:19)\n    at runTestInternal (/home/ormastes/dev/aidev/demo/cli-chat-room/node_modules/jest-runner/build/index.js:272:16)\n    at runTest (/home/ormastes/dev/aidev/demo/cli-chat-room/node_modules/jest-runner/build/index.js:340:7)"
    },
    {
      "name": "test_US001_SD001_division_by_zero",
      "storyId": "US001",
      "diagramId": "SD001",
      "status": "failed",
      "duration": 1,
      "error": "Error: expect(received).toThrow(expected)\n\nExpected substring: \"Division by zero\"\n\nReceived function did not throw\n    at Object.<anonymous> (/home/ormastes/dev/aidev/demo/cli-chat-room/test/system/calculator/test_US001_SD001_simple.test.ts:55:44)\n    at Promise.finally.In Progress (/home/ormastes/dev/aidev/demo/cli-chat-room/node_modules/jest-circus/build/jestAdapterInit.js:1559:28)\n    at new Promise (<anonymous>)\n    at callAsyncCircusFn (/home/ormastes/dev/aidev/demo/cli-chat-room/node_modules/jest-circus/build/jestAdapterInit.js:1499:10)\n    at _callCircusTest (/home/ormastes/dev/aidev/demo/cli-chat-room/node_modules/jest-circus/build/jestAdapterInit.js:1009:40)\n    at processTicksAndRejections (node:internal/process/task_queues:95:5)\n    at _runTest (/home/ormastes/dev/aidev/demo/cli-chat-room/node_modules/jest-circus/build/jestAdapterInit.js:949:3)\n    at _runTestsForDescribeBlock (/home/ormastes/dev/aidev/demo/cli-chat-room/node_modules/jest-circus/build/jestAdapterInit.js:839:13)\n    at _runTestsForDescribeBlock (/home/ormastes/dev/aidev/demo/cli-chat-room/node_modules/jest-circus/build/jestAdapterInit.js:829:11)\n    at run (/home/ormastes/dev/aidev/demo/cli-chat-room/node_modules/jest-circus/build/jestAdapterInit.js:757:3)\n    at runAndTransformResultsToJestFormat (/home/ormastes/dev/aidev/demo/cli-chat-room/node_modules/jest-circus/build/jestAdapterInit.js:1920:21)\n    at jestAdapter (/home/ormastes/dev/aidev/demo/cli-chat-room/node_modules/jest-circus/build/runner.js:101:19)\n    at runTestInternal (/home/ormastes/dev/aidev/demo/cli-chat-room/node_modules/jest-runner/build/index.js:272:16)\n    at runTest (/home/ormastes/dev/aidev/demo/cli-chat-room/node_modules/jest-runner/build/index.js:340:7)"
    },
    {
      "name": "test_US001_SD001_invalid_expressions",
      "storyId": "US001",
      "diagramId": "SD001",
      "status": "In Progress",
      "duration": 12
    }
  ],
  "coverage": {
    "overall": {
      "statements": 80,
      "branches": 42.85,
      "functions": 77.77,
      "lines": 80
    },
    "classes": {
      "Calculator": {
        "statements": 80,
        "branches": 42.85,
        "functions": 77.77,
        "lines": 80,
        "coveredStatements": "28/35",
        "coveredBranches": "3/7",
        "coveredFunctions": "7/9",
        "coveredLines": "28/35"
      }
    }
  },
  "events": 50,
  "failureReasons": [
    "5 test(s) failed",
    "test_US001_SD001_addition: Error: expect(received).toBe(expected) // Object.is equality\n\nExpected: 42\nReceived: 43\n    at Object.<anonymous> (/home/ormastes/dev/aidev/demo/cli-chat-room/test/system/calculator/test_US001_SD001_simple.test.ts:18:20)\n    at Promise.finally.In Progress (/home/ormastes/dev/aidev/demo/cli-chat-room/node_modules/jest-circus/build/jestAdapterInit.js:1559:28)\n    at new Promise (<anonymous>)\n    at callAsyncCircusFn (/home/ormastes/dev/aidev/demo/cli-chat-room/node_modules/jest-circus/build/jestAdapterInit.js:1499:10)\n    at _callCircusTest (/home/ormastes/dev/aidev/demo/cli-chat-room/node_modules/jest-circus/build/jestAdapterInit.js:1009:40)\n    at processTicksAndRejections (node:internal/process/task_queues:95:5)\n    at _runTest (/home/ormastes/dev/aidev/demo/cli-chat-room/node_modules/jest-circus/build/jestAdapterInit.js:949:3)\n    at _runTestsForDescribeBlock (/home/ormastes/dev/aidev/demo/cli-chat-room/node_modules/jest-circus/build/jestAdapterInit.js:839:13)\n    at _runTestsForDescribeBlock (/home/ormastes/dev/aidev/demo/cli-chat-room/node_modules/jest-circus/build/jestAdapterInit.js:829:11)\n    at run (/home/ormastes/dev/aidev/demo/cli-chat-room/node_modules/jest-circus/build/jestAdapterInit.js:757:3)\n    at runAndTransformResultsToJestFormat (/home/ormastes/dev/aidev/demo/cli-chat-room/node_modules/jest-circus/build/jestAdapterInit.js:1920:21)\n    at jestAdapter (/home/ormastes/dev/aidev/demo/cli-chat-room/node_modules/jest-circus/build/runner.js:101:19)\n    at runTestInternal (/home/ormastes/dev/aidev/demo/cli-chat-room/node_modules/jest-runner/build/index.js:272:16)\n    at runTest (/home/ormastes/dev/aidev/demo/cli-chat-room/node_modules/jest-runner/build/index.js:340:7)",
    "test_US001_SD001_multiplication: Error: expect(received).toBe(expected) // Object.is equality\n\nExpected: 300\nReceived: 103\n    at Object.<anonymous> (/home/ormastes/dev/aidev/demo/cli-chat-room/test/system/calculator/test_US001_SD001_simple.test.ts:24:20)\n    at Promise.finally.In Progress (/home/ormastes/dev/aidev/demo/cli-chat-room/node_modules/jest-circus/build/jestAdapterInit.js:1559:28)\n    at new Promise (<anonymous>)\n    at callAsyncCircusFn (/home/ormastes/dev/aidev/demo/cli-chat-room/node_modules/jest-circus/build/jestAdapterInit.js:1499:10)\n    at _callCircusTest (/home/ormastes/dev/aidev/demo/cli-chat-room/node_modules/jest-circus/build/jestAdapterInit.js:1009:40)\n    at processTicksAndRejections (node:internal/process/task_queues:95:5)\n    at _runTest (/home/ormastes/dev/aidev/demo/cli-chat-room/node_modules/jest-circus/build/jestAdapterInit.js:949:3)\n    at _runTestsForDescribeBlock (/home/ormastes/dev/aidev/demo/cli-chat-room/node_modules/jest-circus/build/jestAdapterInit.js:839:13)\n    at _runTestsForDescribeBlock (/home/ormastes/dev/aidev/demo/cli-chat-room/node_modules/jest-circus/build/jestAdapterInit.js:829:11)\n    at run (/home/ormastes/dev/aidev/demo/cli-chat-room/node_modules/jest-circus/build/jestAdapterInit.js:757:3)\n    at runAndTransformResultsToJestFormat (/home/ormastes/dev/aidev/demo/cli-chat-room/node_modules/jest-circus/build/jestAdapterInit.js:1920:21)\n    at jestAdapter (/home/ormastes/dev/aidev/demo/cli-chat-room/node_modules/jest-circus/build/runner.js:101:19)\n    at runTestInternal (/home/ormastes/dev/aidev/demo/cli-chat-room/node_modules/jest-runner/build/index.js:272:16)\n    at runTest (/home/ormastes/dev/aidev/demo/cli-chat-room/node_modules/jest-runner/build/index.js:340:7)",
    "test_US001_SD001_subtraction: Error: expect(received).toBe(expected) // Object.is equality\n\nExpected: 66\nReceived: 65\n    at Object.<anonymous> (/home/ormastes/dev/aidev/demo/cli-chat-room/test/system/calculator/test_US001_SD001_simple.test.ts:36:20)\n    at Promise.finally.In Progress (/home/ormastes/dev/aidev/demo/cli-chat-room/node_modules/jest-circus/build/jestAdapterInit.js:1559:28)\n    at new Promise (<anonymous>)\n    at callAsyncCircusFn (/home/ormastes/dev/aidev/demo/cli-chat-room/node_modules/jest-circus/build/jestAdapterInit.js:1499:10)\n    at _callCircusTest (/home/ormastes/dev/aidev/demo/cli-chat-room/node_modules/jest-circus/build/jestAdapterInit.js:1009:40)\n    at processTicksAndRejections (node:internal/process/task_queues:95:5)\n    at _runTest (/home/ormastes/dev/aidev/demo/cli-chat-room/node_modules/jest-circus/build/jestAdapterInit.js:949:3)\n    at _runTestsForDescribeBlock (/home/ormastes/dev/aidev/demo/cli-chat-room/node_modules/jest-circus/build/jestAdapterInit.js:839:13)\n    at _runTestsForDescribeBlock (/home/ormastes/dev/aidev/demo/cli-chat-room/node_modules/jest-circus/build/jestAdapterInit.js:829:11)\n    at run (/home/ormastes/dev/aidev/demo/cli-chat-room/node_modules/jest-circus/build/jestAdapterInit.js:757:3)\n    at runAndTransformResultsToJestFormat (/home/ormastes/dev/aidev/demo/cli-chat-room/node_modules/jest-circus/build/jestAdapterInit.js:1920:21)\n    at jestAdapter (/home/ormastes/dev/aidev/demo/cli-chat-room/node_modules/jest-circus/build/runner.js:101:19)\n    at runTestInternal (/home/ormastes/dev/aidev/demo/cli-chat-room/node_modules/jest-runner/build/index.js:272:16)\n    at runTest (/home/ormastes/dev/aidev/demo/cli-chat-room/node_modules/jest-runner/build/index.js:340:7)",
    "test_US001_SD001_string_expressions: Error: expect(received).toBe(expected) // Object.is equality\n\nExpected: 42\nReceived: 43\n    at Object.<anonymous> (/home/ormastes/dev/aidev/demo/cli-chat-room/test/system/calculator/test_US001_SD001_simple.test.ts:40:45)\n    at Promise.finally.In Progress (/home/ormastes/dev/aidev/demo/cli-chat-room/node_modules/jest-circus/build/jestAdapterInit.js:1559:28)\n    at new Promise (<anonymous>)\n    at callAsyncCircusFn (/home/ormastes/dev/aidev/demo/cli-chat-room/node_modules/jest-circus/build/jestAdapterInit.js:1499:10)\n    at _callCircusTest (/home/ormastes/dev/aidev/demo/cli-chat-room/node_modules/jest-circus/build/jestAdapterInit.js:1009:40)\n    at processTicksAndRejections (node:internal/process/task_queues:95:5)\n    at _runTest (/home/ormastes/dev/aidev/demo/cli-chat-room/node_modules/jest-circus/build/jestAdapterInit.js:949:3)\n    at _runTestsForDescribeBlock (/home/ormastes/dev/aidev/demo/cli-chat-room/node_modules/jest-circus/build/jestAdapterInit.js:839:13)\n    at _runTestsForDescribeBlock (/home/ormastes/dev/aidev/demo/cli-chat-room/node_modules/jest-circus/build/jestAdapterInit.js:829:11)\n    at run (/home/ormastes/dev/aidev/demo/cli-chat-room/node_modules/jest-circus/build/jestAdapterInit.js:757:3)\n    at runAndTransformResultsToJestFormat (/home/ormastes/dev/aidev/demo/cli-chat-room/node_modules/jest-circus/build/jestAdapterInit.js:1920:21)\n    at jestAdapter (/home/ormastes/dev/aidev/demo/cli-chat-room/node_modules/jest-circus/build/runner.js:101:19)\n    at runTestInternal (/home/ormastes/dev/aidev/demo/cli-chat-room/node_modules/jest-runner/build/index.js:272:16)\n    at runTest (/home/ormastes/dev/aidev/demo/cli-chat-room/node_modules/jest-runner/build/index.js:340:7)",
    "test_US001_SD001_division_by_zero: Error: expect(received).toThrow(expected)\n\nExpected substring: \"Division by zero\"\n\nReceived function did not throw\n    at Object.<anonymous> (/home/ormastes/dev/aidev/demo/cli-chat-room/test/system/calculator/test_US001_SD001_simple.test.ts:55:44)\n    at Promise.finally.In Progress (/home/ormastes/dev/aidev/demo/cli-chat-room/node_modules/jest-circus/build/jestAdapterInit.js:1559:28)\n    at new Promise (<anonymous>)\n    at callAsyncCircusFn (/home/ormastes/dev/aidev/demo/cli-chat-room/node_modules/jest-circus/build/jestAdapterInit.js:1499:10)\n    at _callCircusTest (/home/ormastes/dev/aidev/demo/cli-chat-room/node_modules/jest-circus/build/jestAdapterInit.js:1009:40)\n    at processTicksAndRejections (node:internal/process/task_queues:95:5)\n    at _runTest (/home/ormastes/dev/aidev/demo/cli-chat-room/node_modules/jest-circus/build/jestAdapterInit.js:949:3)\n    at _runTestsForDescribeBlock (/home/ormastes/dev/aidev/demo/cli-chat-room/node_modules/jest-circus/build/jestAdapterInit.js:839:13)\n    at _runTestsForDescribeBlock (/home/ormastes/dev/aidev/demo/cli-chat-room/node_modules/jest-circus/build/jestAdapterInit.js:829:11)\n    at run (/home/ormastes/dev/aidev/demo/cli-chat-room/node_modules/jest-circus/build/jestAdapterInit.js:757:3)\n    at runAndTransformResultsToJestFormat (/home/ormastes/dev/aidev/demo/cli-chat-room/node_modules/jest-circus/build/jestAdapterInit.js:1920:21)\n    at jestAdapter (/home/ormastes/dev/aidev/demo/cli-chat-room/node_modules/jest-circus/build/runner.js:101:19)\n    at runTestInternal (/home/ormastes/dev/aidev/demo/cli-chat-room/node_modules/jest-runner/build/index.js:272:16)\n    at runTest (/home/ormastes/dev/aidev/demo/cli-chat-room/node_modules/jest-runner/build/index.js:340:7)",
    "Branch coverage too low (42.85% < 80%)"
  ],
  "testExecutionLog": {
    "command": "jest test/system/calculator/test_US001_SD001_simple.test.ts --coverage",
    "executedAt": "2025-07-20T06:24:28.191Z",
    "isolatedCoverage": true,
    "coverageNote": "Coverage collected only from system tests execution"
  },
  "generatedAt": "2025-07-20T06:24:28.192Z"
}