TN:
SF:children/VFFileWrapper.ts
FN:24,(anonymous_9)
FN:33,(anonymous_10)
FN:73,(anonymous_11)
FN:97,(anonymous_12)
FN:115,(anonymous_13)
FN:127,(anonymous_14)
FN:143,(anonymous_15)
FN:159,(anonymous_16)
FN:171,(anonymous_17)
FN:190,(anonymous_18)
FN:204,(anonymous_19)
FNF:11
FNH:6
FNDA:44,(anonymous_9)
FNDA:192,(anonymous_10)
FNDA:80,(anonymous_11)
FNDA:40,(anonymous_12)
FNDA:0,(anonymous_13)
FNDA:0,(anonymous_14)
FNDA:0,(anonymous_15)
FNDA:0,(anonymous_16)
FNDA:0,(anonymous_17)
FNDA:120,(anonymous_18)
FNDA:47,(anonymous_19)
DA:8,2
DA:9,2
DA:21,2
DA:25,44
DA:34,192
DA:36,192
DA:37,192
DA:38,174
DA:41,18
DA:42,18
DA:45,18
DA:46,18
DA:48,18
DA:49,23
DA:51,1
DA:52,0
DA:54,1
DA:57,22
DA:61,18
DA:64,0
DA:74,80
DA:75,80
DA:77,80
DA:78,80
DA:79,48
DA:82,47
DA:84,33
DA:86,31
DA:88,2
DA:98,40
DA:99,40
DA:102,40
DA:103,40
DA:106,40
DA:107,40
DA:116,0
DA:117,0
DA:119,0
DA:128,0
DA:129,0
DA:132,0
DA:133,0
DA:135,0
DA:144,0
DA:145,0
DA:147,0
DA:148,0
DA:149,0
DA:151,0
DA:160,0
DA:161,0
DA:163,0
DA:172,0
DA:173,0
DA:175,0
DA:176,0
DA:178,0
DA:179,0
DA:181,0
DA:191,120
DA:192,120
DA:194,0
DA:207,47
LF:63
LH:36
BRDA:24,0,0,0
BRDA:37,1,0,174
BRDA:49,2,0,1
BRDA:49,2,1,22
BRDA:51,3,0,0
BRDA:51,3,1,1
BRDA:84,4,0,31
BRDA:86,5,0,0
BRDA:86,5,1,31
BRDA:178,6,0,0
BRDA:191,7,0,120
BRF:11
BRH:7
end_of_record
TN:
SF:children/VFIdNameWrapper.ts
FN:45,(anonymous_0)
FN:54,(anonymous_1)
FN:72,(anonymous_2)
FN:104,(anonymous_3)
FN:127,(anonymous_4)
FN:138,(anonymous_5)
FN:146,(anonymous_6)
FN:148,(anonymous_7)
FN:155,(anonymous_8)
FN:161,(anonymous_9)
FN:167,(anonymous_10)
FN:174,(anonymous_11)
FN:193,(anonymous_12)
FN:245,(anonymous_13)
FN:271,(anonymous_14)
FN:315,(anonymous_15)
FN:330,(anonymous_16)
FN:341,(anonymous_17)
FN:342,(anonymous_18)
FN:353,(anonymous_19)
FN:364,(anonymous_20)
FN:374,(anonymous_21)
FN:380,(anonymous_22)
FN:403,(anonymous_23)
FN:409,(anonymous_24)
FNF:25
FNH:25
FNDA:44,(anonymous_0)
FNDA:38,(anonymous_1)
FNDA:34,(anonymous_2)
FNDA:1076,(anonymous_3)
FNDA:18,(anonymous_4)
FNDA:13,(anonymous_5)
FNDA:1024,(anonymous_6)
FNDA:1024,(anonymous_7)
FNDA:10,(anonymous_8)
FNDA:8,(anonymous_9)
FNDA:6,(anonymous_10)
FNDA:8,(anonymous_11)
FNDA:46,(anonymous_12)
FNDA:80,(anonymous_13)
FNDA:31,(anonymous_14)
FNDA:34,(anonymous_15)
FNDA:1,(anonymous_16)
FNDA:1,(anonymous_17)
FNDA:2,(anonymous_18)
FNDA:1,(anonymous_19)
FNDA:1,(anonymous_20)
FNDA:3,(anonymous_21)
FNDA:3,(anonymous_22)
FNDA:4,(anonymous_23)
FNDA:4,(anonymous_24)
DA:8,2
DA:44,2
DA:46,44
DA:55,38
DA:56,38
DA:59,37
DA:60,19
DA:64,18
DA:73,34
DA:77,34
DA:78,0
DA:81,34
DA:84,33
DA:85,33
DA:86,1076
DA:91,33
DA:94,33
DA:96,33
DA:106,1076
DA:107,17
DA:111,1076
DA:112,1075
DA:114,1076
DA:117,1076
DA:118,1076
DA:128,18
DA:131,18
DA:132,290
DA:136,18
DA:137,4
DA:138,13
DA:142,18
DA:143,7
DA:144,7
DA:146,7
DA:147,1024
DA:148,1024
DA:153,18
DA:154,2
DA:155,10
DA:159,18
DA:160,3
DA:161,8
DA:165,18
DA:166,3
DA:167,6
DA:171,18
DA:172,22
DA:173,3
DA:174,3
DA:175,8
DA:176,0
DA:178,8
DA:179,2
DA:181,6
DA:186,18
DA:195,46
DA:203,46
DA:204,833
DA:206,1122
DA:207,1122
DA:208,1122
DA:210,1122
DA:213,1122
DA:214,80
DA:216,1122
DA:219,1122
DA:220,1077
DA:221,2153
DA:222,2153
DA:223,105
DA:225,2153
DA:230,1122
DA:231,1057
DA:232,27
DA:234,1057
DA:246,80
DA:247,80
DA:250,78
DA:251,31
DA:254,47
DA:257,47
DA:258,6
DA:261,47
DA:263,2
DA:265,0
DA:267,2
DA:272,31
DA:316,34
DA:331,1
DA:332,1
DA:342,2
DA:343,1
DA:344,1
DA:354,1
DA:355,1
DA:365,1
DA:366,1
DA:375,3
DA:378,3
DA:379,25
DA:380,25
DA:382,25
DA:383,3
DA:384,3
DA:387,3
DA:388,3
DA:389,3
DA:390,3
DA:394,0
DA:404,4
DA:407,4
DA:408,15
DA:409,15
DA:411,15
DA:412,4
DA:415,4
DA:416,4
DA:417,7
DA:418,6
DA:422,4
DA:430,4
DA:431,0
DA:432,0
DA:433,0
DA:435,0
DA:437,4
DA:441,4
DA:442,4
DA:443,4
DA:444,4
DA:448,0
LF:132
LH:123
BRDA:45,0,0,1
BRDA:59,1,0,19
BRDA:77,2,0,0
BRDA:77,2,1,34
BRDA:84,3,0,16
BRDA:84,3,1,17
BRDA:106,4,0,17
BRDA:111,5,0,1075
BRDA:136,6,0,4
BRDA:137,7,0,0
BRDA:137,7,1,4
BRDA:142,8,0,7
BRDA:142,9,0,18
BRDA:142,9,1,12
BRDA:143,10,0,7
BRDA:143,10,1,1
BRDA:144,11,0,1
BRDA:144,11,1,6
BRDA:147,12,0,0
BRDA:147,13,0,1024
BRDA:147,13,1,1024
BRDA:148,14,0,1024
BRDA:148,14,1,1024
BRDA:153,15,0,2
BRDA:154,16,0,0
BRDA:154,16,1,2
BRDA:159,17,0,3
BRDA:160,18,0,0
BRDA:160,18,1,3
BRDA:165,19,0,3
BRDA:166,20,0,0
BRDA:166,20,1,3
BRDA:172,21,0,3
BRDA:173,22,0,0
BRDA:173,22,1,3
BRDA:175,23,0,0
BRDA:175,24,0,8
BRDA:175,24,1,0
BRDA:178,25,0,2
BRDA:178,26,0,8
BRDA:178,26,1,3
BRDA:178,26,2,3
BRDA:207,27,0,1122
BRDA:213,28,0,80
BRDA:219,29,0,1077
BRDA:219,30,0,1122
BRDA:219,30,1,1077
BRDA:222,31,0,105
BRDA:230,32,0,1057
BRDA:231,33,0,27
BRDA:250,34,0,31
BRDA:257,35,0,6
BRDA:263,36,0,0
BRDA:316,37,0,34
BRDA:316,37,1,34
BRDA:316,37,2,34
BRDA:316,37,3,1
BRDA:316,37,4,0
BRDA:316,37,5,0
BRDA:366,38,0,1
BRDA:366,38,1,0
BRDA:382,39,0,3
BRDA:411,40,0,4
BRDA:417,41,0,6
BRDA:430,42,0,0
BRDA:430,42,1,4
BRDA:430,43,0,4
BRDA:430,43,1,0
BRDA:432,44,0,0
BRF:69
BRH:53
end_of_record
