TN:
SF:src/calculator/calculator.ts
FN:6,(anonymous_0)
FN:13,(anonymous_1)
FN:25,(anonymous_2)
FN:36,(anonymous_3)
FN:47,(anonymous_4)
FN:61,(anonymous_5)
FN:68,(anonymous_6)
FN:75,(anonymous_7)
FN:84,(anonymous_8)
FNF:9
FNH:7
FNDA:7,(anonymous_0)
FNDA:2,(anonymous_1)
FNDA:1,(anonymous_2)
FNDA:1,(anonymous_3)
FNDA:2,(anonymous_4)
FNDA:1,(anonymous_5)
FNDA:0,(anonymous_6)
FNDA:0,(anonymous_7)
FNDA:4,(anonymous_8)
DA:6,1
DA:7,7
DA:8,7
DA:16,2
DA:17,2
DA:18,2
DA:19,2
DA:27,1
DA:28,1
DA:29,1
DA:30,1
DA:38,1
DA:39,1
DA:40,1
DA:41,1
DA:52,2
DA:53,2
DA:54,2
DA:55,2
DA:62,1
DA:69,0
DA:77,0
DA:78,0
DA:86,4
DA:88,4
DA:89,3
DA:92,1
DA:93,1
DA:94,1
DA:96,1
DA:98,1
DA:100,0
DA:102,0
DA:104,0
DA:106,0
LF:35
LH:28
BRDA:88,0,0,3
BRDA:88,0,1,1
BRDA:96,1,0,1
BRDA:96,1,1,0
BRDA:96,1,2,0
BRDA:96,1,3,0
BRDA:96,1,4,0
BRF:7
BRH:3
end_of_record
