TN:
SF:src/config.ts
FN:23,getCmakeApiJsonFile
FN:28,(anonymous_11)
FN:35,(anonymous_12)
FN:57,_getDllDependencies
FN:103,getDllDependencies
FN:114,_getDllExecutablePath
FN:128,(anonymous_16)
FN:133,(anonymous_17)
FN:147,getExecutablePath
FN:158,(anonymous_19)
FN:234,(anonymous_20)
FN:245,(anonymous_21)
FN:265,(anonymous_22)
FN:271,(anonymous_23)
FN:275,(anonymous_24)
FN:279,(anonymous_25)
FN:283,(anonymous_26)
FN:286,(anonymous_27)
FN:290,(anonymous_28)
FN:294,(anonymous_29)
FN:298,(anonymous_30)
FN:301,(anonymous_31)
FN:304,(anonymous_32)
FN:307,(anonymous_33)
FN:311,(anonymous_34)
FN:318,(anonymous_35)
FN:325,(anonymous_36)
FN:331,(anonymous_37)
FN:343,(anonymous_38)
FN:364,(anonymous_39)
FN:371,(anonymous_40)
FN:378,(anonymous_41)
FN:384,(anonymous_42)
FN:387,(anonymous_43)
FN:390,(anonymous_44)
FN:394,(anonymous_45)
FN:402,(anonymous_46)
FN:405,(anonymous_47)
FN:408,(anonymous_48)
FN:417,(anonymous_49)
FN:424,(anonymous_50)
FN:429,(anonymous_51)
FN:432,(anonymous_52)
FN:450,(anonymous_53)
FN:519,(anonymous_54)
FN:523,(anonymous_55)
FN:529,(anonymous_56)
FN:532,(anonymous_57)
FN:535,(anonymous_58)
FN:544,(anonymous_59)
FN:547,(anonymous_60)
FN:549,(anonymous_61)
FN:552,(anonymous_62)
FN:562,(anonymous_63)
FN:563,(anonymous_64)
FN:570,(anonymous_65)
FN:576,(anonymous_66)
FN:579,(anonymous_67)
FN:582,(anonymous_68)
FN:585,(anonymous_69)
FN:588,(anonymous_70)
FN:591,(anonymous_71)
FN:594,(anonymous_72)
FN:597,(anonymous_73)
FN:603,(anonymous_74)
FN:611,(anonymous_75)
FN:617,(anonymous_76)
FN:620,(anonymous_77)
FN:623,(anonymous_78)
FN:626,(anonymous_79)
FN:629,(anonymous_80)
FN:632,(anonymous_81)
FN:635,(anonymous_82)
FN:638,(anonymous_83)
FN:644,(anonymous_84)
FNF:75
FNH:7
FNDA:0,getCmakeApiJsonFile
FNDA:0,(anonymous_11)
FNDA:0,(anonymous_12)
FNDA:0,_getDllDependencies
FNDA:0,getDllDependencies
FNDA:0,_getDllExecutablePath
FNDA:0,(anonymous_16)
FNDA:0,(anonymous_17)
FNDA:0,getExecutablePath
FNDA:1,(anonymous_19)
FNDA:20,(anonymous_20)
FNDA:20,(anonymous_21)
FNDA:0,(anonymous_22)
FNDA:0,(anonymous_23)
FNDA:0,(anonymous_24)
FNDA:0,(anonymous_25)
FNDA:0,(anonymous_26)
FNDA:0,(anonymous_27)
FNDA:0,(anonymous_28)
FNDA:0,(anonymous_29)
FNDA:0,(anonymous_30)
FNDA:0,(anonymous_31)
FNDA:0,(anonymous_32)
FNDA:0,(anonymous_33)
FNDA:0,(anonymous_34)
FNDA:0,(anonymous_35)
FNDA:0,(anonymous_36)
FNDA:0,(anonymous_37)
FNDA:0,(anonymous_38)
FNDA:0,(anonymous_39)
FNDA:0,(anonymous_40)
FNDA:20,(anonymous_41)
FNDA:0,(anonymous_42)
FNDA:0,(anonymous_43)
FNDA:19,(anonymous_44)
FNDA:0,(anonymous_45)
FNDA:0,(anonymous_46)
FNDA:0,(anonymous_47)
FNDA:0,(anonymous_48)
FNDA:0,(anonymous_49)
FNDA:0,(anonymous_50)
FNDA:0,(anonymous_51)
FNDA:0,(anonymous_52)
FNDA:20,(anonymous_53)
FNDA:0,(anonymous_54)
FNDA:0,(anonymous_55)
FNDA:0,(anonymous_56)
FNDA:0,(anonymous_57)
FNDA:0,(anonymous_58)
FNDA:0,(anonymous_59)
FNDA:0,(anonymous_60)
FNDA:0,(anonymous_61)
FNDA:0,(anonymous_62)
FNDA:19,(anonymous_63)
FNDA:0,(anonymous_64)
FNDA:0,(anonymous_65)
FNDA:0,(anonymous_66)
FNDA:0,(anonymous_67)
FNDA:0,(anonymous_68)
FNDA:0,(anonymous_69)
FNDA:0,(anonymous_70)
FNDA:0,(anonymous_71)
FNDA:0,(anonymous_72)
FNDA:0,(anonymous_73)
FNDA:0,(anonymous_74)
FNDA:0,(anonymous_75)
FNDA:0,(anonymous_76)
FNDA:0,(anonymous_77)
FNDA:0,(anonymous_78)
FNDA:0,(anonymous_79)
FNDA:0,(anonymous_80)
FNDA:0,(anonymous_81)
FNDA:0,(anonymous_82)
FNDA:0,(anonymous_83)
FNDA:0,(anonymous_84)
DA:2,1
DA:3,1
DA:5,1
DA:6,1
DA:7,1
DA:24,0
DA:27,0
DA:28,0
DA:29,0
DA:30,0
DA:31,0
DA:33,0
DA:34,0
DA:35,0
DA:37,0
DA:38,0
DA:40,0
DA:44,0
DA:46,0
DA:47,0
DA:48,0
DA:50,0
DA:51,0
DA:54,0
DA:66,0
DA:67,0
DA:69,0
DA:72,0
DA:74,0
DA:75,0
DA:77,0
DA:78,0
DA:79,0
DA:82,0
DA:83,0
DA:84,0
DA:87,0
DA:88,0
DA:90,0
DA:91,0
DA:92,0
DA:95,0
DA:100,0
DA:103,1
DA:110,0
DA:111,0
DA:116,0
DA:117,0
DA:119,0
DA:120,0
DA:121,0
DA:124,0
DA:127,0
DA:128,0
DA:132,0
DA:133,0
DA:134,0
DA:139,0
DA:140,0
DA:144,0
DA:147,1
DA:149,0
DA:150,0
DA:151,0
DA:152,0
DA:154,0
DA:158,1
DA:159,1
DA:160,1
DA:161,1
DA:162,1
DA:179,1
DA:185,20
DA:219,20
DA:222,20
DA:223,20
DA:224,20
DA:225,20
DA:226,20
DA:228,20
DA:235,20
DA:236,20
DA:237,0
DA:238,0
DA:239,0
DA:241,0
DA:246,20
DA:247,20
DA:248,0
DA:250,20
DA:251,20
DA:252,20
DA:253,20
DA:254,0
DA:255,0
DA:256,0
DA:258,0
DA:259,0
DA:260,0
DA:263,0
DA:266,0
DA:267,0
DA:268,0
DA:272,0
DA:273,0
DA:276,0
DA:277,0
DA:280,0
DA:281,0
DA:284,0
DA:287,0
DA:288,0
DA:291,0
DA:292,0
DA:295,0
DA:296,0
DA:299,0
DA:302,0
DA:305,0
DA:308,0
DA:312,0
DA:313,0
DA:315,0
DA:319,0
DA:320,0
DA:322,0
DA:326,0
DA:327,0
DA:328,0
DA:330,0
DA:332,0
DA:333,0
DA:337,0
DA:344,0
DA:345,0
DA:346,0
DA:347,0
DA:350,0
DA:351,0
DA:353,0
DA:354,0
DA:355,0
DA:356,0
DA:358,0
DA:360,0
DA:362,0
DA:365,0
DA:366,0
DA:368,0
DA:372,0
DA:373,0
DA:375,0
DA:379,20
DA:380,0
DA:382,20
DA:385,0
DA:388,0
DA:391,19
DA:392,19
DA:394,0
DA:395,0
DA:396,0
DA:397,0
DA:399,0
DA:402,0
DA:403,0
DA:404,0
DA:406,0
DA:407,0
DA:409,0
DA:410,0
DA:417,0
DA:418,0
DA:419,0
DA:424,0
DA:425,0
DA:426,0
DA:428,0
DA:430,0
DA:431,0
DA:433,0
DA:434,0
DA:435,0
DA:441,0
DA:443,0
DA:444,0
DA:445,0
DA:451,20
DA:452,20
DA:453,20
DA:454,20
DA:455,20
DA:456,20
DA:457,20
DA:458,20
DA:459,20
DA:460,20
DA:461,20
DA:462,20
DA:463,20
DA:464,20
DA:465,20
DA:467,20
DA:468,20
DA:469,20
DA:470,20
DA:471,20
DA:473,20
DA:474,20
DA:475,20
DA:476,20
DA:477,20
DA:478,20
DA:479,20
DA:480,20
DA:481,20
DA:482,20
DA:483,20
DA:484,20
DA:485,20
DA:486,20
DA:488,20
DA:490,20
DA:491,0
DA:493,20
DA:495,20
DA:497,1
DA:498,1
DA:501,0
DA:502,0
DA:506,19
DA:507,0
DA:510,19
DA:511,0
DA:514,19
DA:515,0
DA:520,0
DA:521,0
DA:522,0
DA:523,0
DA:524,0
DA:525,0
DA:529,0
DA:530,0
DA:532,0
DA:533,0
DA:534,0
DA:535,0
DA:536,0
DA:541,0
DA:544,0
DA:545,0
DA:547,0
DA:548,0
DA:549,0
DA:550,0
DA:551,0
DA:552,0
DA:553,0
DA:559,0
DA:563,19
DA:564,19
DA:569,1
DA:571,0
DA:572,0
DA:573,0
DA:574,0
DA:577,0
DA:580,0
DA:583,0
DA:586,0
DA:589,0
DA:592,0
DA:595,0
DA:598,0
DA:599,0
DA:601,0
DA:604,0
DA:610,1
DA:612,0
DA:613,0
DA:614,0
DA:615,0
DA:618,0
DA:621,0
DA:624,0
DA:627,0
DA:630,0
DA:633,0
DA:636,0
DA:639,0
DA:640,0
DA:642,0
DA:645,0
LF:294
LH:80
BRDA:29,0,0,0
BRDA:33,1,0,0
BRDA:37,2,0,0
BRDA:61,3,0,0
BRDA:62,4,0,0
BRDA:66,5,0,0
BRDA:74,6,0,0
BRDA:77,7,0,0
BRDA:77,8,0,0
BRDA:77,8,1,0
BRDA:83,9,0,0
BRDA:87,10,0,0
BRDA:87,11,0,0
BRDA:87,11,1,0
BRDA:91,12,0,0
BRDA:107,13,0,0
BRDA:108,14,0,0
BRDA:116,15,0,0
BRDA:119,16,0,0
BRDA:119,17,0,0
BRDA:119,17,1,0
BRDA:124,18,0,0
BRDA:124,18,1,0
BRDA:127,19,0,0
BRDA:127,19,1,0
BRDA:132,20,0,0
BRDA:139,21,0,0
BRDA:139,22,0,0
BRDA:139,22,1,0
BRDA:144,23,0,0
BRDA:144,23,1,0
BRDA:151,24,0,0
BRDA:158,25,0,1
BRDA:158,25,1,1
BRDA:238,26,0,0
BRDA:252,27,0,0
BRDA:253,28,0,20
BRDA:255,29,0,0
BRDA:258,30,0,0
BRDA:259,31,0,0
BRDA:272,32,0,0
BRDA:276,33,0,0
BRDA:280,34,0,0
BRDA:287,35,0,0
BRDA:291,36,0,0
BRDA:295,37,0,0
BRDA:312,38,0,0
BRDA:319,39,0,0
BRDA:326,40,0,0
BRDA:326,40,1,0
BRDA:327,41,0,0
BRDA:332,42,0,0
BRDA:333,43,0,0
BRDA:333,43,1,0
BRDA:344,44,0,0
BRDA:346,45,0,0
BRDA:351,46,0,0
BRDA:351,46,1,0
BRDA:353,47,0,0
BRDA:353,47,1,0
BRDA:355,48,0,0
BRDA:355,48,1,0
BRDA:365,49,0,0
BRDA:372,50,0,0
BRDA:379,51,0,0
BRDA:391,52,0,19
BRDA:391,52,1,0
BRDA:395,53,0,0
BRDA:406,54,0,0
BRDA:406,54,1,0
BRDA:409,55,0,0
BRDA:410,56,0,0
BRDA:410,56,1,0
BRDA:418,57,0,0
BRDA:430,58,0,0
BRDA:430,58,1,0
BRDA:433,59,0,0
BRDA:434,60,0,0
BRDA:434,60,1,0
BRDA:450,61,0,0
BRDA:484,62,0,20
BRDA:484,62,1,0
BRDA:485,63,0,20
BRDA:485,63,1,19
BRDA:486,64,0,20
BRDA:486,64,1,19
BRDA:490,65,0,0
BRDA:495,66,0,1
BRDA:495,66,1,19
BRDA:497,67,0,1
BRDA:497,68,0,1
BRDA:497,68,1,0
BRDA:501,69,0,0
BRDA:501,70,0,0
BRDA:501,70,1,0
BRDA:506,71,0,0
BRDA:506,72,0,19
BRDA:506,72,1,19
BRDA:510,73,0,0
BRDA:510,74,0,19
BRDA:510,74,1,0
BRDA:514,75,0,0
BRDA:520,76,0,0
BRDA:522,77,0,0
BRDA:522,77,1,0
BRDA:524,78,0,0
BRDA:524,78,1,0
BRDA:533,79,0,0
BRDA:548,80,0,0
BRDA:548,80,1,0
BRDA:550,81,0,0
BRDA:598,82,0,0
BRDA:639,83,0,0
BRF:113
BRH:16
end_of_record
TN:
SF:src/coverage.ts
FN:5,(anonymous_9)
FNF:1
FNH:1
FNDA:5,(anonymous_9)
DA:2,5
DA:4,1
DA:5,5
DA:6,5
DA:7,5
DA:8,15
DA:9,13
DA:10,13
LF:8
LH:8
BRDA:8,0,0,13
BRDA:9,1,0,9
BRDA:9,1,1,4
BRF:3
BRH:3
end_of_record
TN:
SF:src/extension.ts
FN:16,activate
FN:20,_ativeWorkspace
FN:29,ativeWorkspace
FN:52,(anonymous_12)
FN:64,(anonymous_13)
FN:71,(anonymous_14)
FN:75,(anonymous_15)
FNF:7
FNH:0
FNDA:0,activate
FNDA:0,_ativeWorkspace
FNDA:0,ativeWorkspace
FNDA:0,(anonymous_12)
FNDA:0,(anonymous_13)
FNDA:0,(anonymous_14)
FNDA:0,(anonymous_15)
DA:2,0
DA:3,0
DA:4,0
DA:6,0
DA:7,0
DA:8,0
DA:16,0
DA:17,0
DA:18,0
DA:23,0
DA:30,0
DA:31,0
DA:33,0
DA:34,0
DA:35,0
DA:37,0
DA:40,0
DA:41,0
DA:43,0
DA:44,0
DA:46,0
DA:47,0
DA:49,0
DA:50,0
DA:51,0
DA:52,0
DA:53,0
DA:54,0
DA:55,0
DA:56,0
DA:58,0
DA:59,0
DA:60,0
DA:61,0
DA:64,0
DA:65,0
DA:66,0
DA:67,0
DA:69,0
DA:70,0
DA:72,0
DA:73,0
DA:76,0
DA:77,0
DA:80,0
DA:81,0
DA:82,0
LF:47
LH:0
BRDA:30,0,0,0
BRDA:34,1,0,0
BRDA:40,2,0,0
BRDA:43,3,0,0
BRDA:46,4,0,0
BRDA:53,5,0,0
BRDA:58,6,0,0
BRDA:65,7,0,0
BRDA:81,8,0,0
BRF:9
BRH:0
end_of_record
TN:
SF:src/pyAdapter.ts
FN:10,compareVersions
FN:39,addCMakeKitToWorkspace
FN:67,(anonymous_12)
FN:84,addNewToolchain
FN:88,(anonymous_14)
FN:103,checkToolchainInstalled
FN:124,getToolchainDir
FN:149,runInstallBundles
FN:168,installCDocTest
FN:188,checkCDocTestVersion
FN:198,(anonymous_20)
FNF:11
FNH:0
FNDA:0,compareVersions
FNDA:0,addCMakeKitToWorkspace
FNDA:0,(anonymous_12)
FNDA:0,addNewToolchain
FNDA:0,(anonymous_14)
FNDA:0,checkToolchainInstalled
FNDA:0,getToolchainDir
FNDA:0,runInstallBundles
FNDA:0,installCDocTest
FNDA:0,checkCDocTestVersion
FNDA:0,(anonymous_20)
DA:1,0
DA:2,0
DA:3,0
DA:5,0
DA:6,0
DA:8,0
DA:11,0
DA:12,0
DA:13,0
DA:15,0
DA:16,0
DA:17,0
DA:18,0
DA:19,0
DA:21,0
DA:41,0
DA:42,0
DA:44,0
DA:52,0
DA:53,0
DA:54,0
DA:55,0
DA:57,0
DA:58,0
DA:59,0
DA:62,0
DA:66,0
DA:67,0
DA:69,0
DA:70,0
DA:71,0
DA:74,0
DA:75,0
DA:76,0
DA:77,0
DA:78,0
DA:79,0
DA:81,0
DA:84,0
DA:85,0
DA:86,0
DA:88,0
DA:89,0
DA:90,0
DA:91,0
DA:92,0
DA:93,0
DA:97,0
DA:98,0
DA:99,0
DA:103,0
DA:105,0
DA:107,0
DA:108,0
DA:110,0
DA:111,0
DA:112,0
DA:114,0
DA:115,0
DA:116,0
DA:118,0
DA:120,0
DA:121,0
DA:124,0
DA:126,0
DA:128,0
DA:129,0
DA:132,0
DA:133,0
DA:134,0
DA:135,0
DA:138,0
DA:139,0
DA:140,0
DA:143,0
DA:145,0
DA:146,0
DA:149,0
DA:153,0
DA:155,0
DA:156,0
DA:157,0
DA:158,0
DA:159,0
DA:160,0
DA:163,0
DA:164,0
DA:168,0
DA:169,0
DA:170,0
DA:173,0
DA:174,0
DA:176,0
DA:177,0
DA:178,0
DA:179,0
DA:180,0
DA:181,0
DA:184,0
DA:185,0
DA:188,0
DA:189,0
DA:190,0
DA:192,0
DA:194,0
DA:195,0
DA:197,0
DA:198,0
DA:199,0
DA:200,0
DA:201,0
DA:203,0
DA:204,0
DA:205,0
DA:206,0
DA:208,0
DA:209,0
DA:210,0
DA:212,0
DA:214,0
DA:215,0
DA:217,0
DA:218,0
LF:123
LH:0
BRDA:16,0,0,0
BRDA:16,0,1,0
BRDA:17,1,0,0
BRDA:17,1,1,0
BRDA:18,2,0,0
BRDA:19,3,0,0
BRDA:41,4,0,0
BRDA:41,4,1,0
BRDA:42,5,0,0
BRDA:42,5,1,0
BRDA:57,6,0,0
BRDA:67,7,0,0
BRDA:67,7,1,0
BRDA:69,8,0,0
BRDA:85,9,0,0
BRDA:85,9,1,0
BRDA:85,10,0,0
BRDA:85,10,1,0
BRDA:89,11,0,0
BRDA:89,12,0,0
BRDA:89,12,1,0
BRDA:111,13,0,0
BRDA:114,14,0,0
BRDA:134,15,0,0
BRDA:138,16,0,0
BRDA:158,17,0,0
BRDA:168,18,0,0
BRDA:169,19,0,0
BRDA:179,20,0,0
BRDA:188,21,0,0
BRDA:189,22,0,0
BRDA:199,23,0,0
BRDA:204,24,0,0
BRDA:212,25,0,0
BRF:34
BRH:0
end_of_record
TN:
SF:src/runner.ts
FN:11,addStdoutLine
FN:14,addSpawnListeners
FN:19,(anonymous_11)
FN:27,(anonymous_12)
FN:47,(anonymous_13)
FN:54,(anonymous_14)
FN:80,initRunner
FN:82,(anonymous_16)
FN:84,(anonymous_17)
FN:106,getLaunchConfigurationByName
FN:111,(anonymous_19)
FN:122,launchDebugSessionWithCloseHandler
FN:159,handlClose
FN:186,initStdout
FN:192,(anonymous_23)
FN:195,(anonymous_24)
FN:242,runProgramWithLibPaths
FN:294,runner
FN:302,(anonymous_27)
FN:371,getResultFromFile
FNF:20
FNH:0
FNDA:0,addStdoutLine
FNDA:0,addSpawnListeners
FNDA:0,(anonymous_11)
FNDA:0,(anonymous_12)
FNDA:0,(anonymous_13)
FNDA:0,(anonymous_14)
FNDA:0,initRunner
FNDA:0,(anonymous_16)
FNDA:0,(anonymous_17)
FNDA:0,getLaunchConfigurationByName
FNDA:0,(anonymous_19)
FNDA:0,launchDebugSessionWithCloseHandler
FNDA:0,handlClose
FNDA:0,initStdout
FNDA:0,(anonymous_23)
FNDA:0,(anonymous_24)
FNDA:0,runProgramWithLibPaths
FNDA:0,runner
FNDA:0,(anonymous_27)
FNDA:0,getResultFromFile
DA:2,0
DA:3,0
DA:5,0
DA:6,0
DA:7,0
DA:9,0
DA:12,0
DA:17,0
DA:18,0
DA:19,0
DA:20,0
DA:21,0
DA:23,0
DA:27,0
DA:28,0
DA:29,0
DA:30,0
DA:32,0
DA:35,0
DA:36,0
DA:39,0
DA:40,0
DA:41,0
DA:43,0
DA:47,0
DA:48,0
DA:49,0
DA:50,0
DA:52,0
DA:54,0
DA:56,0
DA:57,0
DA:58,0
DA:60,0
DA:63,0
DA:64,0
DA:67,0
DA:68,0
DA:69,0
DA:71,0
DA:72,0
DA:73,0
DA:75,0
DA:80,0
DA:81,0
DA:83,0
DA:86,0
DA:87,0
DA:89,0
DA:90,0
DA:91,0
DA:100,0
DA:107,0
DA:108,0
DA:109,0
DA:111,0
DA:122,0
DA:137,0
DA:138,0
DA:139,0
DA:141,0
DA:143,0
DA:145,0
DA:146,0
DA:148,0
DA:149,0
DA:151,0
DA:152,0
DA:154,0
DA:155,0
DA:156,0
DA:157,0
DA:161,0
DA:162,0
DA:164,0
DA:165,0
DA:166,0
DA:168,0
DA:170,0
DA:171,0
DA:173,0
DA:174,0
DA:177,0
DA:178,0
DA:183,0
DA:184,0
DA:187,0
DA:188,0
DA:192,0
DA:193,0
DA:195,0
DA:196,0
DA:197,0
DA:200,0
DA:202,0
DA:203,0
DA:204,0
DA:205,0
DA:207,0
DA:209,0
DA:215,0
DA:216,0
DA:218,0
DA:219,0
DA:220,0
DA:221,0
DA:224,0
DA:228,0
DA:242,0
DA:257,0
DA:258,0
DA:259,0
DA:260,0
DA:265,0
DA:267,0
DA:268,0
DA:269,0
DA:270,0
DA:271,0
DA:274,0
DA:275,0
DA:276,0
DA:278,0
DA:279,0
DA:280,0
DA:281,0
DA:283,0
DA:284,0
DA:285,0
DA:288,0
DA:294,0
DA:296,0
DA:297,0
DA:299,0
DA:300,0
DA:302,0
DA:303,0
DA:311,0
DA:314,0
DA:315,0
DA:316,0
DA:317,0
DA:318,0
DA:321,0
DA:322,0
DA:323,0
DA:327,0
DA:328,0
DA:329,0
DA:330,0
DA:331,0
DA:332,0
DA:333,0
DA:336,0
DA:337,0
DA:339,0
DA:340,0
DA:341,0
DA:343,0
DA:344,0
DA:345,0
DA:348,0
DA:352,0
DA:354,0
DA:372,0
DA:374,0
DA:375,0
DA:376,0
DA:377,0
DA:379,0
DA:380,0
LF:171
LH:0
BRDA:20,0,0,0
BRDA:20,0,1,0
BRDA:32,1,0,0
BRDA:32,1,1,0
BRDA:40,2,0,0
BRDA:49,3,0,0
BRDA:56,4,0,0
BRDA:67,5,0,0
BRDA:67,5,1,0
BRDA:72,6,0,0
BRDA:86,7,0,0
BRDA:86,8,0,0
BRDA:86,8,1,0
BRDA:89,9,0,0
BRDA:89,10,0,0
BRDA:89,10,1,0
BRDA:108,11,0,0
BRDA:137,12,0,0
BRDA:137,13,0,0
BRDA:137,13,1,0
BRDA:143,14,0,0
BRDA:143,14,1,0
BRDA:145,15,0,0
BRDA:145,16,0,0
BRDA:145,16,1,0
BRDA:148,17,0,0
BRDA:148,18,0,0
BRDA:148,18,1,0
BRDA:151,19,0,0
BRDA:151,20,0,0
BRDA:151,20,1,0
BRDA:161,21,0,0
BRDA:164,22,0,0
BRDA:164,22,1,0
BRDA:165,23,0,0
BRDA:170,24,0,0
BRDA:177,25,0,0
BRDA:183,26,0,0
BRDA:187,27,0,0
BRDA:202,28,0,0
BRDA:202,28,1,0
BRDA:203,29,0,0
BRDA:220,30,0,0
BRDA:259,31,0,0
BRDA:265,32,0,0
BRDA:265,32,1,0
BRDA:269,33,0,0
BRDA:274,34,0,0
BRDA:274,34,1,0
BRDA:276,35,0,0
BRDA:276,35,1,0
BRDA:278,36,0,0
BRDA:278,36,1,0
BRDA:280,37,0,0
BRDA:280,37,1,0
BRDA:281,38,0,0
BRDA:283,39,0,0
BRDA:283,39,1,0
BRDA:285,40,0,0
BRDA:285,40,1,0
BRDA:295,41,0,0
BRDA:296,42,0,0
BRDA:299,43,0,0
BRDA:311,44,0,0
BRDA:311,44,1,0
BRDA:316,45,0,0
BRDA:317,46,0,0
BRDA:321,47,0,0
BRDA:322,48,0,0
BRDA:328,49,0,0
BRDA:328,49,1,0
BRDA:330,50,0,0
BRDA:330,50,1,0
BRDA:332,51,0,0
BRDA:336,52,0,0
BRDA:336,52,1,0
BRF:76
BRH:0
end_of_record
TN:
SF:src/util.ts
FN:4,fileExists
FN:17,fileExistsText
FNF:2
FNH:2
FNDA:6,fileExists
FNDA:2,fileExistsText
DA:1,1
DA:4,1
DA:5,6
DA:6,6
DA:7,2
DA:10,4
DA:11,3
DA:13,1
DA:17,1
DA:18,2
LF:10
LH:10
BRDA:10,0,0,3
BRDA:10,1,0,4
BRDA:10,1,1,2
BRF:3
BRH:3
end_of_record
TN:
SF:src/controller/controller.ts
FN:35,getConfigByController
FN:39,_startTestRun
FN:54,(anonymous_11)
FN:63,(anonymous_12)
FN:65,(anonymous_13)
FN:89,(anonymous_14)
FN:103,(anonymous_15)
FN:128,getStartTestRun
FN:129,(anonymous_17)
FN:133,getStartDebugRun
FN:134,(anonymous_19)
FN:139,_setupController
FN:185,(anonymous_21)
FN:220,setupController
FNF:14
FNH:0
FNDA:0,getConfigByController
FNDA:0,_startTestRun
FNDA:0,(anonymous_11)
FNDA:0,(anonymous_12)
FNDA:0,(anonymous_13)
FNDA:0,(anonymous_14)
FNDA:0,(anonymous_15)
FNDA:0,getStartTestRun
FNDA:0,(anonymous_17)
FNDA:0,getStartDebugRun
FNDA:0,(anonymous_19)
FNDA:0,_setupController
FNDA:0,(anonymous_21)
FNDA:0,setupController
DA:2,4
DA:4,4
DA:6,4
DA:7,4
DA:8,0
DA:12,0
DA:18,0
DA:23,0
DA:24,0
DA:25,0
DA:26,0
DA:31,0
DA:35,4
DA:36,0
DA:40,0
DA:41,0
DA:45,0
DA:49,0
DA:50,0
DA:52,0
DA:53,0
DA:54,0
DA:55,0
DA:58,0
DA:63,0
DA:65,0
DA:66,0
DA:67,0
DA:68,0
DA:69,0
DA:71,0
DA:72,0
DA:74,0
DA:75,0
DA:76,0
DA:77,0
DA:78,0
DA:80,0
DA:87,0
DA:88,0
DA:89,0
DA:90,0
DA:103,0
DA:104,0
DA:117,0
DA:118,0
DA:123,0
DA:124,0
DA:126,0
DA:129,0
DA:130,0
DA:134,0
DA:135,0
DA:139,4
DA:145,0
DA:147,0
DA:149,0
DA:150,0
DA:153,0
DA:163,0
DA:164,0
DA:173,0
DA:174,0
DA:182,0
DA:184,0
DA:185,0
DA:186,0
DA:187,0
DA:189,0
DA:190,0
DA:192,0
DA:195,0
DA:196,0
DA:197,0
DA:207,0
DA:220,4
DA:225,0
DA:226,0
DA:227,0
DA:229,0
LF:80
LH:7
BRDA:40,0,0,0
BRDA:49,1,0,0
BRDA:49,1,1,0
BRDA:53,2,0,0
BRDA:53,2,1,0
BRDA:67,3,0,0
BRDA:71,4,0,0
BRDA:76,5,0,0
BRDA:87,6,0,0
BRDA:87,6,1,0
BRDA:163,7,0,0
BRDA:173,8,0,0
BRDA:186,9,0,0
BRDA:189,10,0,0
BRDA:195,11,0,0
BRDA:195,11,1,0
BRDA:226,12,0,0
BRDA:226,12,1,0
BRF:18
BRH:0
end_of_record
TN:
SF:src/controller/resultHandler.ts
FN:8,getTestRunHandler
FN:9,(anonymous_10)
FN:22,loadDetailedCoverageHandler
FN:24,(anonymous_12)
FN:30,getTestListHandler
FN:31,(anonymous_14)
FN:89,(anonymous_15)
FNF:7
FNH:7
FNDA:2,getTestRunHandler
FNDA:2,(anonymous_10)
FNDA:4,loadDetailedCoverageHandler
FNDA:8,(anonymous_12)
FNDA:6,getTestListHandler
FNDA:10,(anonymous_14)
FNDA:6,(anonymous_15)
DA:1,5
DA:2,5
DA:4,5
DA:5,1
DA:8,5
DA:9,2
DA:10,2
DA:11,2
DA:13,0
DA:14,0
DA:16,2
DA:22,5
DA:23,4
DA:24,8
DA:26,2
DA:30,5
DA:31,6
DA:33,10
DA:34,4
DA:36,6
DA:37,6
DA:38,6
DA:39,6
DA:43,6
DA:44,6
DA:45,0
DA:46,0
DA:48,6
DA:49,6
DA:51,6
DA:52,6
DA:53,6
DA:54,6
DA:55,0
DA:56,0
DA:57,0
DA:59,0
DA:63,6
DA:70,5
DA:71,5
DA:72,3
DA:73,3
DA:74,3
DA:75,3
DA:78,5
DA:79,5
DA:80,4
DA:81,4
DA:82,4
DA:83,4
DA:85,1
DA:89,6
DA:90,6
DA:92,6
DA:93,6
LF:55
LH:47
BRDA:10,0,0,2
BRDA:10,0,1,0
BRDA:23,1,0,2
BRDA:33,2,0,4
BRDA:44,3,0,0
BRDA:44,3,1,6
BRDA:54,4,0,0
BRDA:56,5,0,0
BRDA:56,5,1,0
BRDA:56,6,0,0
BRDA:56,6,1,0
BRDA:71,7,0,3
BRDA:79,8,0,4
BRDA:79,8,1,1
BRF:14
BRH:7
end_of_record
TN:
SF:src/ctest/ctestConfig.ts
FN:37,(anonymous_9)
FN:60,(anonymous_10)
FN:79,(anonymous_11)
FN:89,(anonymous_12)
FN:130,(anonymous_13)
FN:141,(anonymous_14)
FN:165,(anonymous_15)
FN:168,(anonymous_16)
FN:181,(anonymous_17)
FN:188,(anonymous_18)
FN:202,(anonymous_19)
FN:206,(anonymous_20)
FN:210,(anonymous_21)
FN:214,(anonymous_22)
FN:229,(anonymous_23)
FN:262,(anonymous_24)
FN:269,(anonymous_25)
FN:272,(anonymous_26)
FN:290,(anonymous_27)
FN:302,(anonymous_28)
FN:306,(anonymous_29)
FN:312,(anonymous_30)
FN:315,(anonymous_31)
FNF:23
FNH:13
FNDA:20,(anonymous_9)
FNDA:5,(anonymous_10)
FNDA:0,(anonymous_11)
FNDA:3,(anonymous_12)
FNDA:2,(anonymous_13)
FNDA:2,(anonymous_14)
FNDA:0,(anonymous_15)
FNDA:2,(anonymous_16)
FNDA:1,(anonymous_17)
FNDA:2,(anonymous_18)
FNDA:1,(anonymous_19)
FNDA:1,(anonymous_20)
FNDA:1,(anonymous_21)
FNDA:0,(anonymous_22)
FNDA:0,(anonymous_23)
FNDA:0,(anonymous_24)
FNDA:0,(anonymous_25)
FNDA:0,(anonymous_26)
FNDA:9,(anonymous_27)
FNDA:7,(anonymous_28)
FNDA:0,(anonymous_29)
FNDA:0,(anonymous_30)
FNDA:0,(anonymous_31)
DA:1,1
DA:2,1
DA:3,1
DA:4,1
DA:5,1
DA:7,1
DA:30,1
DA:42,20
DA:43,19
DA:44,19
DA:47,19
DA:48,19
DA:49,19
DA:50,19
DA:51,19
DA:52,19
DA:54,19
DA:61,5
DA:63,5
DA:64,5
DA:68,5
DA:73,0
DA:74,0
DA:75,0
DA:76,0
DA:79,0
DA:81,5
DA:82,5
DA:90,3
DA:91,3
DA:92,3
DA:95,3
DA:96,0
DA:99,3
DA:106,3
DA:107,0
DA:110,3
DA:115,0
DA:117,3
DA:131,2
DA:132,1
DA:135,1
DA:136,1
DA:137,1
DA:141,2
DA:143,1
DA:150,1
DA:151,0
DA:154,1
DA:160,0
DA:161,0
DA:162,0
DA:165,0
DA:168,2
DA:182,1
DA:189,2
DA:190,2
DA:203,1
DA:207,1
DA:211,1
DA:215,0
DA:216,0
DA:217,0
DA:218,0
DA:220,0
DA:231,0
DA:233,0
DA:234,0
DA:235,0
DA:241,0
DA:242,0
DA:253,0
DA:265,0
DA:266,0
DA:271,0
DA:272,0
DA:274,0
DA:275,0
DA:280,0
DA:282,0
DA:291,9
DA:292,9
DA:297,9
DA:303,7
DA:308,0
DA:309,0
DA:314,0
DA:315,0
DA:316,0
DA:320,0
LF:90
LH:51
BRDA:48,0,0,19
BRDA:48,0,1,0
BRDA:49,1,0,19
BRDA:49,1,1,19
BRDA:50,2,0,19
BRDA:50,2,1,0
BRDA:51,3,0,19
BRDA:51,3,1,0
BRDA:52,4,0,19
BRDA:52,4,1,0
BRDA:63,5,0,5
BRDA:74,6,0,0
BRDA:74,7,0,0
BRDA:74,7,1,0
BRDA:89,8,0,3
BRDA:91,9,0,3
BRDA:95,10,0,0
BRDA:106,11,0,0
BRDA:122,12,0,3
BRDA:122,12,1,3
BRDA:131,13,0,1
BRDA:136,14,0,1
BRDA:150,15,0,0
BRDA:173,16,0,2
BRDA:173,16,1,2
BRDA:215,17,0,0
BRDA:215,17,1,0
BRDA:217,18,0,0
BRDA:217,18,1,0
BRDA:218,19,0,0
BRDA:218,19,1,0
BRDA:222,20,0,0
BRDA:222,20,1,0
BRDA:223,21,0,0
BRDA:223,21,1,0
BRDA:233,22,0,0
BRDA:234,23,0,0
BRDA:234,23,1,0
BRDA:241,24,0,0
BRDA:274,25,0,0
BRDA:309,26,0,0
BRDA:309,26,1,0
BRDA:316,27,0,0
BRDA:316,27,1,0
BRDA:316,27,2,0
BRF:45
BRH:15
end_of_record
TN:
SF:src/ctest/ctestHandler.ts
FN:7,getCTestListHandler
FN:8,(anonymous_10)
FN:57,getCTestRunHandler
FN:63,(anonymous_12)
FN:96,parseTestInfo
FN:114,parseTestExecutionResult
FN:190,extractDuration
FN:210,extractFailureMessage
FN:242,(anonymous_17)
FN:243,(anonymous_18)
FNF:10
FNH:10
FNDA:6,getCTestListHandler
FNDA:6,(anonymous_10)
FNDA:9,getCTestRunHandler
FNDA:9,(anonymous_12)
FNDA:5,parseTestInfo
FNDA:9,parseTestExecutionResult
FNDA:7,extractDuration
FNDA:3,extractFailureMessage
FNDA:4,(anonymous_17)
FNDA:16,(anonymous_18)
DA:1,1
DA:7,1
DA:8,6
DA:10,6
DA:12,6
DA:14,6
DA:15,5
DA:16,1
DA:17,1
DA:21,4
DA:23,4
DA:24,5
DA:27,5
DA:28,5
DA:29,4
DA:30,4
DA:31,4
DA:32,4
DA:36,5
DA:37,5
DA:40,5
DA:41,4
DA:44,5
DA:47,4
DA:49,1
DA:57,1
DA:63,9
DA:64,9
DA:65,9
DA:67,9
DA:69,9
DA:71,5
DA:72,5
DA:74,3
DA:75,3
DA:76,3
DA:78,3
DA:79,3
DA:81,1
DA:82,1
DA:85,0
DA:86,0
DA:88,9
DA:97,5
DA:98,5
DA:99,5
DA:100,5
DA:102,5
DA:117,9
DA:118,0
DA:128,9
DA:131,9
DA:132,17
DA:133,8
DA:134,4
DA:140,4
DA:141,3
DA:148,1
DA:149,1
DA:160,1
DA:161,0
DA:167,1
DA:168,0
DA:178,1
DA:192,7
DA:197,7
DA:198,7
DA:199,7
DA:200,7
DA:204,0
DA:211,3
DA:212,3
DA:214,3
DA:215,3
DA:216,19
DA:217,3
DA:218,3
DA:221,16
DA:222,12
DA:223,3
DA:226,9
DA:231,7
DA:236,3
DA:237,2
DA:241,1
DA:242,1
DA:243,16
DA:246,1
LF:88
LH:82
BRDA:15,0,0,1
BRDA:15,1,0,5
BRDA:15,1,1,4
BRDA:28,2,0,4
BRDA:40,3,0,4
BRDA:69,4,0,5
BRDA:69,4,1,3
BRDA:69,4,2,1
BRDA:74,5,0,3
BRDA:74,5,1,0
BRDA:75,6,0,3
BRDA:97,7,0,5
BRDA:97,7,1,0
BRDA:99,8,0,5
BRDA:99,8,1,0
BRDA:100,9,0,5
BRDA:100,9,1,0
BRDA:104,10,0,5
BRDA:104,10,1,0
BRDA:105,11,0,5
BRDA:105,11,1,0
BRDA:117,12,0,0
BRDA:117,13,0,9
BRDA:117,13,1,0
BRDA:132,14,0,8
BRDA:132,15,0,17
BRDA:132,15,1,9
BRDA:133,16,0,4
BRDA:133,16,1,4
BRDA:140,17,0,3
BRDA:140,17,1,1
BRDA:148,18,0,1
BRDA:160,19,0,0
BRDA:160,19,1,1
BRDA:167,20,0,0
BRDA:180,21,0,0
BRDA:180,21,1,1
BRDA:182,22,0,0
BRDA:182,22,1,1
BRDA:199,23,0,7
BRDA:216,24,0,3
BRDA:216,25,0,19
BRDA:216,25,1,4
BRDA:221,26,0,12
BRDA:222,27,0,3
BRDA:222,28,0,12
BRDA:222,28,1,9
BRDA:226,29,0,7
BRDA:226,30,0,9
BRDA:226,30,1,8
BRDA:226,30,2,8
BRDA:226,30,3,6
BRDA:226,30,4,4
BRDA:236,31,0,2
BRDA:246,32,0,1
BRDA:246,32,1,0
BRF:56
BRH:43
end_of_record
TN:
SF:src/tclist_parser/fileHelper.ts
FN:5,getOrCreateFile
FN:20,gatherTestItems
FN:22,(anonymous_11)
FN:26,getWorkspaceTestPatterns
FN:30,(anonymous_13)
FN:36,findInitialFiles
FNF:6
FNH:0
FNDA:0,getOrCreateFile
FNDA:0,gatherTestItems
FNDA:0,(anonymous_11)
FNDA:0,getWorkspaceTestPatterns
FNDA:0,(anonymous_13)
FNDA:0,findInitialFiles
DA:2,0
DA:3,0
DA:5,0
DA:6,0
DA:7,0
DA:8,0
DA:9,0
DA:12,0
DA:13,0
DA:14,0
DA:15,0
DA:16,0
DA:17,0
DA:20,0
DA:21,0
DA:22,0
DA:23,0
DA:26,0
DA:27,0
DA:28,0
DA:30,0
DA:36,0
DA:37,0
DA:38,0
DA:39,0
LF:25
LH:0
BRDA:8,0,0,0
BRDA:27,1,0,0
BRF:2
BRH:0
end_of_record
TN:
SF:src/tclist_parser/file_change_listener.ts
FN:6,getResolveTcListHandler
FN:7,(anonymous_10)
FN:11,(anonymous_11)
FN:19,updateFileNodesOnDocumentChange
FN:20,updateNodeForDocument
FN:34,(anonymous_14)
FN:38,getListenFileChangeForTclist
FN:39,(anonymous_16)
FN:40,(anonymous_17)
FNF:9
FNH:0
FNDA:0,getResolveTcListHandler
FNDA:0,(anonymous_10)
FNDA:0,(anonymous_11)
FNDA:0,updateFileNodesOnDocumentChange
FNDA:0,updateNodeForDocument
FNDA:0,(anonymous_14)
FNDA:0,getListenFileChangeForTclist
FNDA:0,(anonymous_16)
FNDA:0,(anonymous_17)
DA:1,0
DA:2,0
DA:3,0
DA:6,0
DA:7,0
DA:8,0
DA:9,0
DA:11,0
DA:12,0
DA:13,0
DA:21,0
DA:22,0
DA:24,0
DA:25,0
DA:28,0
DA:29,0
DA:32,0
DA:34,0
DA:38,0
DA:39,0
DA:40,0
DA:41,0
DA:43,0
DA:46,0
DA:48,0
DA:49,0
DA:50,0
DA:51,0
DA:55,0
DA:61,0
LF:30
LH:0
BRDA:8,0,0,0
BRDA:12,1,0,0
BRDA:21,2,0,0
BRDA:21,3,0,0
BRDA:21,3,1,0
BRDA:21,3,2,0
BRDA:21,3,3,0
BRDA:41,4,0,0
BRDA:49,5,0,0
BRDA:49,6,0,0
BRDA:49,6,1,0
BRDA:55,7,0,0
BRF:12
BRH:0
end_of_record
TN:
SF:src/tclist_parser/parser.ts
FN:6,(anonymous_9)
FNF:1
FNH:1
FNDA:18,(anonymous_9)
DA:1,3
DA:3,3
DA:4,3
DA:6,3
DA:10,18
DA:12,18
DA:13,41
DA:14,41
DA:15,41
DA:16,20
DA:17,20
DA:18,20
DA:19,19
DA:22,21
DA:23,21
DA:24,8
DA:25,8
DA:26,8
LF:18
LH:18
BRDA:15,0,0,20
BRDA:23,1,0,8
BRF:2
BRH:2
end_of_record
TN:
SF:src/tclist_parser/testTree.ts
FN:13,(anonymous_9)
FN:26,(anonymous_10)
FN:40,(anonymous_11)
FN:45,(anonymous_12)
FN:53,(anonymous_13)
FN:65,(anonymous_14)
FN:83,(anonymous_15)
FN:89,(anonymous_16)
FN:97,(anonymous_17)
FN:101,(anonymous_18)
FN:103,(anonymous_19)
FN:116,(anonymous_20)
FNF:12
FNH:6
FNDA:0,(anonymous_9)
FNDA:0,(anonymous_10)
FNDA:2,(anonymous_11)
FNDA:1,(anonymous_12)
FNDA:1,(anonymous_13)
FNDA:0,(anonymous_14)
FNDA:2,(anonymous_15)
FNDA:3,(anonymous_16)
FNDA:1,(anonymous_17)
FNDA:0,(anonymous_18)
FNDA:0,(anonymous_19)
FNDA:0,(anonymous_20)
DA:1,1
DA:2,1
DA:3,1
DA:5,1
DA:9,1
DA:11,1
DA:13,1
DA:14,0
DA:15,0
DA:16,0
DA:18,0
DA:19,0
DA:23,1
DA:24,5
DA:27,0
DA:28,0
DA:29,0
DA:30,0
DA:32,0
DA:41,2
DA:42,2
DA:43,2
DA:45,2
DA:46,1
DA:47,1
DA:48,1
DA:52,2
DA:54,1
DA:55,1
DA:56,1
DA:59,0
DA:60,0
DA:61,0
DA:62,0
DA:66,0
DA:67,0
DA:68,0
DA:70,0
DA:71,0
DA:72,0
DA:73,0
DA:74,0
DA:78,1
DA:82,1
DA:83,2
DA:88,1
DA:90,3
DA:91,3
DA:92,3
DA:93,3
DA:94,3
DA:98,1
DA:102,0
DA:103,0
DA:104,0
DA:105,0
DA:107,0
DA:108,0
DA:110,0
DA:111,0
DA:112,0
DA:117,0
DA:119,0
DA:121,0
DA:123,0
DA:125,0
LF:66
LH:30
BRDA:107,0,0,0
BRDA:107,0,1,0
BRDA:117,1,0,0
BRDA:117,1,1,0
BRDA:117,1,2,0
BRDA:117,1,3,0
BRF:6
BRH:0
end_of_record
TN:
SF:src/tclist_parser/watchers.ts
FN:5,startWatchingWorkspace
FN:6,(anonymous_10)
FN:8,(anonymous_11)
FN:12,(anonymous_12)
FN:19,(anonymous_13)
FNF:5
FNH:0
FNDA:0,startWatchingWorkspace
FNDA:0,(anonymous_10)
FNDA:0,(anonymous_11)
FNDA:0,(anonymous_12)
FNDA:0,(anonymous_13)
DA:2,0
DA:3,0
DA:5,0
DA:6,0
DA:7,0
DA:8,0
DA:9,0
DA:10,0
DA:12,0
DA:13,0
DA:14,0
DA:15,0
DA:17,0
DA:19,0
DA:20,0
DA:21,0
LF:16
LH:0
BRDA:14,0,0,0
BRF:1
BRH:0
end_of_record
