{
  "reportId": "story-report-1752987886172",
  "timestamp": "2025-07-20T05:04:46.172Z",
  "roomId": "failure-demo-1752987880634",
  "storyId": "US001_Calculator_BasicMath",
  "storyStatus": "FAILURE",
  "systemTests": [],
  "coverage": {
    "overall": {
      "statements": 0,
      "branches": 0,
      "functions": 0,
      "lines": 0
    }
  },
  "failureReasons": [
    "No system tests found"
  ],
  "events": 4,
  "narrative": "Story US001_Calculator_BasicMath: ‚ùå FAILURE - No system tests found. Every story must have at least one system test.\n\n**Required Actions:**\n- Create system tests following naming convention: test_US001_Calculator_BasicMath_<DIAGRAM_ID>_<SCENARIO>\n- Ensure minimum 80% code coverage\n- All tests must pass"
}